2022-04-08T10:14:21.185861Z 0 [Warning] [MY-010915] [Server] 'NO_ZERO_DATE', 'NO_ZERO_IN_DATE' and 'ERROR_FOR_DIVISION_BY_ZERO' sql modes should be used with strict mode. They will be merged with strict mode in a future release.
2022-04-08T10:14:21.187183Z 0 [System] [MY-010116] [Server] C:\Program Files\MySQL\MySQL Server 8.0\bin\mysqld.exe (mysqld 8.0.28) starting as process 11396
2022-04-08T10:14:21.209981Z 1 [System] [MY-013576] [InnoDB] InnoDB initialization has started.
2022-04-08T10:14:21.392301Z 1 [System] [MY-013577] [InnoDB] InnoDB initialization has ended.
2022-04-08T10:14:21.640848Z 0 [Warning] [MY-010068] [Server] CA certificate ca.pem is self signed.
2022-04-08T10:14:21.641454Z 0 [System] [MY-013602] [Server] Channel mysql_main configured to support TLS. Encrypted connections are now supported for this channel.
2022-04-08T10:14:21.673719Z 0 [System] [MY-011323] [Server] X Plugin ready for connections. Bind-address: '::' port: 33060
2022-04-08T10:14:21.673888Z 0 [System] [MY-010931] [Server] C:\Program Files\MySQL\MySQL Server 8.0\bin\mysqld.exe: ready for connections. Version: '8.0.28'  socket: ''  port: 3306  MySQL Community Server - GPL.
2022-04-08T10:14:33.202480Z 0 [System] [MY-013105] [Server] C:\Program Files\MySQL\MySQL Server 8.0\bin\mysqld.exe: Normal shutdown.
2022-04-08T10:14:33.821116Z 0 [System] [MY-010910] [Server] C:\Program Files\MySQL\MySQL Server 8.0\bin\mysqld.exe: Shutdown complete (mysqld 8.0.28)  MySQL Community Server - GPL.
2022-09-04T22:01:10.421670Z 0 [Warning] [MY-010915] [Server] 'NO_ZERO_DATE', 'NO_ZERO_IN_DATE' and 'ERROR_FOR_DIVISION_BY_ZERO' sql modes should be used with strict mode. They will be merged with strict mode in a future release.
2022-09-04T22:01:10.422599Z 0 [System] [MY-010116] [Server] E:\VS projects\Traffic_Lights\MySQL Server 8.0\bin\mysqld (mysqld 8.0.28) starting as process 19972
2022-09-04T22:01:10.435249Z 1 [System] [MY-013576] [InnoDB] InnoDB initialization has started.
2022-09-04T22:01:10.647099Z 1 [System] [MY-013577] [InnoDB] InnoDB initialization has ended.
2022-09-04T22:01:10.854796Z 0 [Warning] [MY-010068] [Server] CA certificate ca.pem is self signed.
2022-09-04T22:01:10.855095Z 0 [System] [MY-013602] [Server] Channel mysql_main configured to support TLS. Encrypted connections are now supported for this channel.
2022-09-04T22:01:10.884344Z 0 [System] [MY-011323] [Server] X Plugin ready for connections. Bind-address: '::' port: 33060
2022-09-04T22:01:10.884495Z 0 [System] [MY-010931] [Server] E:\VS projects\Traffic_Lights\MySQL Server 8.0\bin\mysqld: ready for connections. Version: '8.0.28'  socket: ''  port: 3306  MySQL Community Server - GPL.
2022-09-04T22:01:47.589721Z 0 [System] [MY-013105] [Server] E:\VS projects\Traffic_Lights\MySQL Server 8.0\bin\mysqld: Normal shutdown.
2022-09-04T22:01:48.303422Z 0 [System] [MY-010910] [Server] E:\VS projects\Traffic_Lights\MySQL Server 8.0\bin\mysqld: Shutdown complete (mysqld 8.0.28)  MySQL Community Server - GPL.
2022-09-04T22:02:00.859494Z 0 [Warning] [MY-010915] [Server] 'NO_ZERO_DATE', 'NO_ZERO_IN_DATE' and 'ERROR_FOR_DIVISION_BY_ZERO' sql modes should be used with strict mode. They will be merged with strict mode in a future release.
2022-09-04T22:02:00.860446Z 0 [System] [MY-010116] [Server] E:\VS projects\Traffic_Lights\MySQL Server 8.0\bin\mysqld (mysqld 8.0.28) starting as process 42420
2022-09-04T22:02:00.871176Z 1 [System] [MY-013576] [InnoDB] InnoDB initialization has started.
2022-09-04T22:02:01.043917Z 1 [System] [MY-013577] [InnoDB] InnoDB initialization has ended.
2022-09-04T22:02:01.217809Z 0 [Warning] [MY-010068] [Server] CA certificate ca.pem is self signed.
2022-09-04T22:02:01.218129Z 0 [System] [MY-013602] [Server] Channel mysql_main configured to support TLS. Encrypted connections are now supported for this channel.
2022-09-04T22:02:01.247944Z 0 [System] [MY-011323] [Server] X Plugin ready for connections. Bind-address: '::' port: 33060
2022-09-04T22:02:01.248086Z 0 [System] [MY-010931] [Server] E:\VS projects\Traffic_Lights\MySQL Server 8.0\bin\mysqld: ready for connections. Version: '8.0.28'  socket: ''  port: 3306  MySQL Community Server - GPL.
2022-09-04T22:17:53.021226Z 0 [System] [MY-013105] [Server] E:\VS projects\Traffic_Lights\MySQL Server 8.0\bin\mysqld: Normal shutdown.
2022-09-04T22:17:53.607791Z 0 [System] [MY-010910] [Server] E:\VS projects\Traffic_Lights\MySQL Server 8.0\bin\mysqld: Shutdown complete (mysqld 8.0.28)  MySQL Community Server - GPL.
2022-09-04T22:18:11.000128Z 0 [Warning] [MY-010915] [Server] 'NO_ZERO_DATE', 'NO_ZERO_IN_DATE' and 'ERROR_FOR_DIVISION_BY_ZERO' sql modes should be used with strict mode. They will be merged with strict mode in a future release.
2022-09-04T22:18:11.000932Z 0 [System] [MY-010116] [Server] E:\VS projects\Traffic_Lights\MySQL Server 8.0\bin\mysqld (mysqld 8.0.28) starting as process 18400
2022-09-04T22:18:11.013253Z 1 [System] [MY-013576] [InnoDB] InnoDB initialization has started.
2022-09-04T22:18:11.187961Z 1 [System] [MY-013577] [InnoDB] InnoDB initialization has ended.
2022-09-04T22:18:11.377983Z 0 [Warning] [MY-010068] [Server] CA certificate ca.pem is self signed.
2022-09-04T22:18:11.378281Z 0 [System] [MY-013602] [Server] Channel mysql_main configured to support TLS. Encrypted connections are now supported for this channel.
2022-09-04T22:18:11.405391Z 0 [System] [MY-011323] [Server] X Plugin ready for connections. Bind-address: '::' port: 33060
2022-09-04T22:18:11.405552Z 0 [System] [MY-010931] [Server] E:\VS projects\Traffic_Lights\MySQL Server 8.0\bin\mysqld: ready for connections. Version: '8.0.28'  socket: ''  port: 3306  MySQL Community Server - GPL.
2022-09-04T22:18:33.109255Z 0 [System] [MY-013105] [Server] E:\VS projects\Traffic_Lights\MySQL Server 8.0\bin\mysqld: Normal shutdown.
2022-09-04T22:18:33.712736Z 0 [System] [MY-010910] [Server] E:\VS projects\Traffic_Lights\MySQL Server 8.0\bin\mysqld: Shutdown complete (mysqld 8.0.28)  MySQL Community Server - GPL.
2022-09-04T22:18:37.079247Z 0 [Warning] [MY-010915] [Server] 'NO_ZERO_DATE', 'NO_ZERO_IN_DATE' and 'ERROR_FOR_DIVISION_BY_ZERO' sql modes should be used with strict mode. They will be merged with strict mode in a future release.
2022-09-04T22:18:37.080030Z 0 [System] [MY-010116] [Server] E:\VS projects\Traffic_Lights\MySQL Server 8.0\bin\mysqld (mysqld 8.0.28) starting as process 12504
2022-09-04T22:18:37.103167Z 1 [System] [MY-013576] [InnoDB] InnoDB initialization has started.
2022-09-04T22:18:37.282128Z 1 [System] [MY-013577] [InnoDB] InnoDB initialization has ended.
2022-09-04T22:18:37.458451Z 0 [Warning] [MY-010068] [Server] CA certificate ca.pem is self signed.
2022-09-04T22:18:37.458747Z 0 [System] [MY-013602] [Server] Channel mysql_main configured to support TLS. Encrypted connections are now supported for this channel.
2022-09-04T22:18:37.487895Z 0 [System] [MY-011323] [Server] X Plugin ready for connections. Bind-address: '::' port: 33060
2022-09-04T22:18:37.488084Z 0 [System] [MY-010931] [Server] E:\VS projects\Traffic_Lights\MySQL Server 8.0\bin\mysqld: ready for connections. Version: '8.0.28'  socket: ''  port: 3306  MySQL Community Server - GPL.
2022-09-04T22:19:33.423178Z 0 [System] [MY-013105] [Server] E:\VS projects\Traffic_Lights\MySQL Server 8.0\bin\mysqld: Normal shutdown.
2022-09-04T22:19:35.438767Z 0 [Warning] [MY-010909] [Server] E:\VS projects\Traffic_Lights\MySQL Server 8.0\bin\mysqld: Forcing close of thread 8  user: 'root'.
2022-09-04T22:19:35.439241Z 0 [Warning] [MY-010909] [Server] E:\VS projects\Traffic_Lights\MySQL Server 8.0\bin\mysqld: Forcing close of thread 9  user: 'root'.
2022-09-04T22:19:36.112123Z 0 [System] [MY-010910] [Server] E:\VS projects\Traffic_Lights\MySQL Server 8.0\bin\mysqld: Shutdown complete (mysqld 8.0.28)  MySQL Community Server - GPL.
2022-09-04T22:19:39.925758Z 0 [Warning] [MY-010915] [Server] 'NO_ZERO_DATE', 'NO_ZERO_IN_DATE' and 'ERROR_FOR_DIVISION_BY_ZERO' sql modes should be used with strict mode. They will be merged with strict mode in a future release.
2022-09-04T22:19:39.926790Z 0 [System] [MY-010116] [Server] E:\VS projects\Traffic_Lights\MySQL Server 8.0\bin\mysqld (mysqld 8.0.28) starting as process 41728
2022-09-04T22:19:39.957474Z 1 [System] [MY-013576] [InnoDB] InnoDB initialization has started.
2022-09-04T22:19:40.164145Z 1 [System] [MY-013577] [InnoDB] InnoDB initialization has ended.
2022-09-04T22:19:40.323439Z 0 [Warning] [MY-010068] [Server] CA certificate ca.pem is self signed.
2022-09-04T22:19:40.323731Z 0 [System] [MY-013602] [Server] Channel mysql_main configured to support TLS. Encrypted connections are now supported for this channel.
2022-09-04T22:19:40.352082Z 0 [System] [MY-011323] [Server] X Plugin ready for connections. Bind-address: '::' port: 33060
2022-09-04T22:19:40.352260Z 0 [System] [MY-010931] [Server] E:\VS projects\Traffic_Lights\MySQL Server 8.0\bin\mysqld: ready for connections. Version: '8.0.28'  socket: ''  port: 3306  MySQL Community Server - GPL.
2022-09-04T22:20:18.121779Z 0 [System] [MY-013105] [Server] E:\VS projects\Traffic_Lights\MySQL Server 8.0\bin\mysqld: Normal shutdown.
2022-09-04T22:20:20.137553Z 0 [Warning] [MY-010909] [Server] E:\VS projects\Traffic_Lights\MySQL Server 8.0\bin\mysqld: Forcing close of thread 11  user: 'root'.
2022-09-04T22:20:20.138109Z 0 [Warning] [MY-010909] [Server] E:\VS projects\Traffic_Lights\MySQL Server 8.0\bin\mysqld: Forcing close of thread 12  user: 'root'.
2022-09-04T22:20:20.823617Z 0 [System] [MY-010910] [Server] E:\VS projects\Traffic_Lights\MySQL Server 8.0\bin\mysqld: Shutdown complete (mysqld 8.0.28)  MySQL Community Server - GPL.
2022-09-04T22:20:24.472001Z 0 [Warning] [MY-010915] [Server] 'NO_ZERO_DATE', 'NO_ZERO_IN_DATE' and 'ERROR_FOR_DIVISION_BY_ZERO' sql modes should be used with strict mode. They will be merged with strict mode in a future release.
2022-09-04T22:20:24.472904Z 0 [System] [MY-010116] [Server] E:\VS projects\Traffic_Lights\MySQL Server 8.0\bin\mysqld (mysqld 8.0.28) starting as process 10132
2022-09-04T22:20:24.485457Z 1 [System] [MY-013576] [InnoDB] InnoDB initialization has started.
2022-09-04T22:20:24.666946Z 1 [System] [MY-013577] [InnoDB] InnoDB initialization has ended.
2022-09-04T22:20:24.874409Z 0 [Warning] [MY-010068] [Server] CA certificate ca.pem is self signed.
2022-09-04T22:20:24.874718Z 0 [System] [MY-013602] [Server] Channel mysql_main configured to support TLS. Encrypted connections are now supported for this channel.
2022-09-04T22:20:24.903703Z 0 [System] [MY-011323] [Server] X Plugin ready for connections. Bind-address: '::' port: 33060
2022-09-04T22:20:24.903850Z 0 [System] [MY-010931] [Server] E:\VS projects\Traffic_Lights\MySQL Server 8.0\bin\mysqld: ready for connections. Version: '8.0.28'  socket: ''  port: 3306  MySQL Community Server - GPL.
2022-09-04T22:20:52.590288Z 0 [System] [MY-013105] [Server] E:\VS projects\Traffic_Lights\MySQL Server 8.0\bin\mysqld: Normal shutdown.
2022-09-04T22:20:54.600319Z 0 [Warning] [MY-010909] [Server] E:\VS projects\Traffic_Lights\MySQL Server 8.0\bin\mysqld: Forcing close of thread 13  user: 'root'.
2022-09-04T22:20:54.600890Z 0 [Warning] [MY-010909] [Server] E:\VS projects\Traffic_Lights\MySQL Server 8.0\bin\mysqld: Forcing close of thread 14  user: 'root'.
2022-09-04T22:20:55.238732Z 0 [System] [MY-010910] [Server] E:\VS projects\Traffic_Lights\MySQL Server 8.0\bin\mysqld: Shutdown complete (mysqld 8.0.28)  MySQL Community Server - GPL.
2022-09-04T22:20:58.984983Z 0 [Warning] [MY-010915] [Server] 'NO_ZERO_DATE', 'NO_ZERO_IN_DATE' and 'ERROR_FOR_DIVISION_BY_ZERO' sql modes should be used with strict mode. They will be merged with strict mode in a future release.
2022-09-04T22:20:58.985816Z 0 [System] [MY-010116] [Server] E:\VS projects\Traffic_Lights\MySQL Server 8.0\bin\mysqld (mysqld 8.0.28) starting as process 26684
2022-09-04T22:20:58.997666Z 1 [System] [MY-013576] [InnoDB] InnoDB initialization has started.
2022-09-04T22:20:59.176613Z 1 [System] [MY-013577] [InnoDB] InnoDB initialization has ended.
2022-09-04T22:20:59.412991Z 0 [Warning] [MY-010068] [Server] CA certificate ca.pem is self signed.
2022-09-04T22:20:59.413283Z 0 [System] [MY-013602] [Server] Channel mysql_main configured to support TLS. Encrypted connections are now supported for this channel.
2022-09-04T22:20:59.443317Z 0 [System] [MY-011323] [Server] X Plugin ready for connections. Bind-address: '::' port: 33060
2022-09-04T22:20:59.443507Z 0 [System] [MY-010931] [Server] E:\VS projects\Traffic_Lights\MySQL Server 8.0\bin\mysqld: ready for connections. Version: '8.0.28'  socket: ''  port: 3306  MySQL Community Server - GPL.
2022-09-04T22:22:20.253385Z 0 [System] [MY-013105] [Server] E:\VS projects\Traffic_Lights\MySQL Server 8.0\bin\mysqld: Normal shutdown.
2022-09-04T22:22:21.176349Z 0 [System] [MY-010910] [Server] E:\VS projects\Traffic_Lights\MySQL Server 8.0\bin\mysqld: Shutdown complete (mysqld 8.0.28)  MySQL Community Server - GPL.
2022-09-04T22:22:24.078249Z 0 [Warning] [MY-010915] [Server] 'NO_ZERO_DATE', 'NO_ZERO_IN_DATE' and 'ERROR_FOR_DIVISION_BY_ZERO' sql modes should be used with strict mode. They will be merged with strict mode in a future release.
2022-09-04T22:22:24.079062Z 0 [System] [MY-010116] [Server] E:\VS projects\Traffic_Lights\MySQL Server 8.0\bin\mysqld (mysqld 8.0.28) starting as process 28812
2022-09-04T22:22:24.089896Z 1 [System] [MY-013576] [InnoDB] InnoDB initialization has started.
2022-09-04T22:22:24.266733Z 1 [System] [MY-013577] [InnoDB] InnoDB initialization has ended.
2022-09-04T22:22:24.446622Z 0 [Warning] [MY-010068] [Server] CA certificate ca.pem is self signed.
2022-09-04T22:22:24.446914Z 0 [System] [MY-013602] [Server] Channel mysql_main configured to support TLS. Encrypted connections are now supported for this channel.
2022-09-04T22:22:24.474772Z 0 [System] [MY-011323] [Server] X Plugin ready for connections. Bind-address: '::' port: 33060
2022-09-04T22:22:24.474923Z 0 [System] [MY-010931] [Server] E:\VS projects\Traffic_Lights\MySQL Server 8.0\bin\mysqld: ready for connections. Version: '8.0.28'  socket: ''  port: 3306  MySQL Community Server - GPL.
2022-09-04T22:23:03.660102Z 0 [System] [MY-013105] [Server] E:\VS projects\Traffic_Lights\MySQL Server 8.0\bin\mysqld: Normal shutdown.
2022-09-04T22:23:05.665774Z 0 [Warning] [MY-010909] [Server] E:\VS projects\Traffic_Lights\MySQL Server 8.0\bin\mysqld: Forcing close of thread 10  user: 'root'.
2022-09-04T22:23:05.666270Z 0 [Warning] [MY-010909] [Server] E:\VS projects\Traffic_Lights\MySQL Server 8.0\bin\mysqld: Forcing close of thread 11  user: 'root'.
2022-09-04T22:23:06.898738Z 0 [System] [MY-010910] [Server] E:\VS projects\Traffic_Lights\MySQL Server 8.0\bin\mysqld: Shutdown complete (mysqld 8.0.28)  MySQL Community Server - GPL.
2022-09-04T22:23:09.984413Z 0 [Warning] [MY-010915] [Server] 'NO_ZERO_DATE', 'NO_ZERO_IN_DATE' and 'ERROR_FOR_DIVISION_BY_ZERO' sql modes should be used with strict mode. They will be merged with strict mode in a future release.
2022-09-04T22:23:09.985272Z 0 [System] [MY-010116] [Server] E:\VS projects\Traffic_Lights\MySQL Server 8.0\bin\mysqld (mysqld 8.0.28) starting as process 20800
2022-09-04T22:23:09.995110Z 1 [System] [MY-013576] [InnoDB] InnoDB initialization has started.
2022-09-04T22:23:10.183630Z 1 [System] [MY-013577] [InnoDB] InnoDB initialization has ended.
2022-09-04T22:23:10.369164Z 0 [Warning] [MY-010068] [Server] CA certificate ca.pem is self signed.
2022-09-04T22:23:10.369460Z 0 [System] [MY-013602] [Server] Channel mysql_main configured to support TLS. Encrypted connections are now supported for this channel.
2022-09-04T22:23:10.398381Z 0 [System] [MY-011323] [Server] X Plugin ready for connections. Bind-address: '::' port: 33060
2022-09-04T22:23:10.398564Z 0 [System] [MY-010931] [Server] E:\VS projects\Traffic_Lights\MySQL Server 8.0\bin\mysqld: ready for connections. Version: '8.0.28'  socket: ''  port: 3306  MySQL Community Server - GPL.
2022-09-04T22:24:35.476624Z 0 [System] [MY-013105] [Server] E:\VS projects\Traffic_Lights\MySQL Server 8.0\bin\mysqld: Normal shutdown.
2022-09-04T22:24:37.491479Z 0 [Warning] [MY-010909] [Server] E:\VS projects\Traffic_Lights\MySQL Server 8.0\bin\mysqld: Forcing close of thread 16  user: 'root'.
2022-09-04T22:24:37.492011Z 0 [Warning] [MY-010909] [Server] E:\VS projects\Traffic_Lights\MySQL Server 8.0\bin\mysqld: Forcing close of thread 15  user: 'root'.
2022-09-04T22:24:38.227127Z 0 [System] [MY-010910] [Server] E:\VS projects\Traffic_Lights\MySQL Server 8.0\bin\mysqld: Shutdown complete (mysqld 8.0.28)  MySQL Community Server - GPL.
2022-09-04T22:24:41.908384Z 0 [Warning] [MY-010915] [Server] 'NO_ZERO_DATE', 'NO_ZERO_IN_DATE' and 'ERROR_FOR_DIVISION_BY_ZERO' sql modes should be used with strict mode. They will be merged with strict mode in a future release.
2022-09-04T22:24:41.909425Z 0 [System] [MY-010116] [Server] E:\VS projects\Traffic_Lights\MySQL Server 8.0\bin\mysqld (mysqld 8.0.28) starting as process 10328
2022-09-04T22:24:41.919788Z 1 [System] [MY-013576] [InnoDB] InnoDB initialization has started.
2022-09-04T22:24:42.102350Z 1 [System] [MY-013577] [InnoDB] InnoDB initialization has ended.
2022-09-04T22:24:42.274291Z 0 [Warning] [MY-010068] [Server] CA certificate ca.pem is self signed.
2022-09-04T22:24:42.274573Z 0 [System] [MY-013602] [Server] Channel mysql_main configured to support TLS. Encrypted connections are now supported for this channel.
2022-09-04T22:24:42.302626Z 0 [System] [MY-011323] [Server] X Plugin ready for connections. Bind-address: '::' port: 33060
2022-09-04T22:24:42.302889Z 0 [System] [MY-010931] [Server] E:\VS projects\Traffic_Lights\MySQL Server 8.0\bin\mysqld: ready for connections. Version: '8.0.28'  socket: ''  port: 3306  MySQL Community Server - GPL.
2022-09-04T22:25:15.693124Z 0 [System] [MY-013105] [Server] E:\VS projects\Traffic_Lights\MySQL Server 8.0\bin\mysqld: Normal shutdown.
2022-09-04T22:25:16.686393Z 0 [System] [MY-010910] [Server] E:\VS projects\Traffic_Lights\MySQL Server 8.0\bin\mysqld: Shutdown complete (mysqld 8.0.28)  MySQL Community Server - GPL.
2022-09-04T22:25:19.516338Z 0 [Warning] [MY-010915] [Server] 'NO_ZERO_DATE', 'NO_ZERO_IN_DATE' and 'ERROR_FOR_DIVISION_BY_ZERO' sql modes should be used with strict mode. They will be merged with strict mode in a future release.
2022-09-04T22:25:19.517178Z 0 [System] [MY-010116] [Server] E:\VS projects\Traffic_Lights\MySQL Server 8.0\bin\mysqld (mysqld 8.0.28) starting as process 22720
2022-09-04T22:25:19.529811Z 1 [System] [MY-013576] [InnoDB] InnoDB initialization has started.
2022-09-04T22:25:19.698428Z 1 [System] [MY-013577] [InnoDB] InnoDB initialization has ended.
2022-09-04T22:25:19.879757Z 0 [Warning] [MY-010068] [Server] CA certificate ca.pem is self signed.
2022-09-04T22:25:19.880047Z 0 [System] [MY-013602] [Server] Channel mysql_main configured to support TLS. Encrypted connections are now supported for this channel.
2022-09-04T22:25:19.909090Z 0 [System] [MY-011323] [Server] X Plugin ready for connections. Bind-address: '::' port: 33060
2022-09-04T22:25:19.909251Z 0 [System] [MY-010931] [Server] E:\VS projects\Traffic_Lights\MySQL Server 8.0\bin\mysqld: ready for connections. Version: '8.0.28'  socket: ''  port: 3306  MySQL Community Server - GPL.
2022-09-04T22:25:33.088959Z 0 [System] [MY-013105] [Server] E:\VS projects\Traffic_Lights\MySQL Server 8.0\bin\mysqld: Normal shutdown.
2022-09-04T22:25:35.093726Z 0 [Warning] [MY-010909] [Server] E:\VS projects\Traffic_Lights\MySQL Server 8.0\bin\mysqld: Forcing close of thread 13  user: 'root'.
2022-09-04T22:25:35.094213Z 0 [Warning] [MY-010909] [Server] E:\VS projects\Traffic_Lights\MySQL Server 8.0\bin\mysqld: Forcing close of thread 14  user: 'root'.
2022-09-04T22:25:36.149529Z 0 [System] [MY-010910] [Server] E:\VS projects\Traffic_Lights\MySQL Server 8.0\bin\mysqld: Shutdown complete (mysqld 8.0.28)  MySQL Community Server - GPL.
2022-09-04T22:25:39.566676Z 0 [Warning] [MY-010915] [Server] 'NO_ZERO_DATE', 'NO_ZERO_IN_DATE' and 'ERROR_FOR_DIVISION_BY_ZERO' sql modes should be used with strict mode. They will be merged with strict mode in a future release.
2022-09-04T22:25:39.567464Z 0 [System] [MY-010116] [Server] E:\VS projects\Traffic_Lights\MySQL Server 8.0\bin\mysqld (mysqld 8.0.28) starting as process 42640
2022-09-04T22:25:39.578386Z 1 [System] [MY-013576] [InnoDB] InnoDB initialization has started.
2022-09-04T22:25:39.761218Z 1 [System] [MY-013577] [InnoDB] InnoDB initialization has ended.
2022-09-04T22:25:39.954214Z 0 [Warning] [MY-010068] [Server] CA certificate ca.pem is self signed.
2022-09-04T22:25:39.954504Z 0 [System] [MY-013602] [Server] Channel mysql_main configured to support TLS. Encrypted connections are now supported for this channel.
2022-09-04T22:25:39.982899Z 0 [System] [MY-011323] [Server] X Plugin ready for connections. Bind-address: '::' port: 33060
2022-09-04T22:25:39.983038Z 0 [System] [MY-010931] [Server] E:\VS projects\Traffic_Lights\MySQL Server 8.0\bin\mysqld: ready for connections. Version: '8.0.28'  socket: ''  port: 3306  MySQL Community Server - GPL.
2022-09-04T22:26:31.940514Z 0 [System] [MY-013105] [Server] E:\VS projects\Traffic_Lights\MySQL Server 8.0\bin\mysqld: Normal shutdown.
2022-09-04T22:26:33.946842Z 0 [Warning] [MY-010909] [Server] E:\VS projects\Traffic_Lights\MySQL Server 8.0\bin\mysqld: Forcing close of thread 11  user: 'root'.
2022-09-04T22:26:34.526683Z 0 [System] [MY-010910] [Server] E:\VS projects\Traffic_Lights\MySQL Server 8.0\bin\mysqld: Shutdown complete (mysqld 8.0.28)  MySQL Community Server - GPL.
2022-09-04T22:26:38.360246Z 0 [Warning] [MY-010915] [Server] 'NO_ZERO_DATE', 'NO_ZERO_IN_DATE' and 'ERROR_FOR_DIVISION_BY_ZERO' sql modes should be used with strict mode. They will be merged with strict mode in a future release.
2022-09-04T22:26:38.361155Z 0 [System] [MY-010116] [Server] E:\VS projects\Traffic_Lights\MySQL Server 8.0\bin\mysqld (mysqld 8.0.28) starting as process 33356
2022-09-04T22:26:38.371774Z 1 [System] [MY-013576] [InnoDB] InnoDB initialization has started.
2022-09-04T22:26:38.556413Z 1 [System] [MY-013577] [InnoDB] InnoDB initialization has ended.
2022-09-04T22:26:38.741111Z 0 [Warning] [MY-010068] [Server] CA certificate ca.pem is self signed.
2022-09-04T22:26:38.741403Z 0 [System] [MY-013602] [Server] Channel mysql_main configured to support TLS. Encrypted connections are now supported for this channel.
2022-09-04T22:26:38.770523Z 0 [System] [MY-011323] [Server] X Plugin ready for connections. Bind-address: '::' port: 33060
2022-09-04T22:26:38.770673Z 0 [System] [MY-010931] [Server] E:\VS projects\Traffic_Lights\MySQL Server 8.0\bin\mysqld: ready for connections. Version: '8.0.28'  socket: ''  port: 3306  MySQL Community Server - GPL.
2022-09-04T22:29:12.253939Z 0 [System] [MY-013105] [Server] E:\VS projects\Traffic_Lights\MySQL Server 8.0\bin\mysqld: Normal shutdown.
2022-09-04T22:29:14.259428Z 0 [Warning] [MY-010909] [Server] E:\VS projects\Traffic_Lights\MySQL Server 8.0\bin\mysqld: Forcing close of thread 13  user: 'root'.
2022-09-04T22:29:14.259900Z 0 [Warning] [MY-010909] [Server] E:\VS projects\Traffic_Lights\MySQL Server 8.0\bin\mysqld: Forcing close of thread 14  user: 'root'.
2022-09-04T22:29:15.446335Z 0 [System] [MY-010910] [Server] E:\VS projects\Traffic_Lights\MySQL Server 8.0\bin\mysqld: Shutdown complete (mysqld 8.0.28)  MySQL Community Server - GPL.
2022-09-04T22:29:18.703362Z 0 [Warning] [MY-010915] [Server] 'NO_ZERO_DATE', 'NO_ZERO_IN_DATE' and 'ERROR_FOR_DIVISION_BY_ZERO' sql modes should be used with strict mode. They will be merged with strict mode in a future release.
2022-09-04T22:29:18.704241Z 0 [System] [MY-010116] [Server] E:\VS projects\Traffic_Lights\MySQL Server 8.0\bin\mysqld (mysqld 8.0.28) starting as process 30468
2022-09-04T22:29:18.716356Z 1 [System] [MY-013576] [InnoDB] InnoDB initialization has started.
2022-09-04T22:29:18.892016Z 1 [System] [MY-013577] [InnoDB] InnoDB initialization has ended.
2022-09-04T22:29:19.064567Z 0 [Warning] [MY-010068] [Server] CA certificate ca.pem is self signed.
2022-09-04T22:29:19.064855Z 0 [System] [MY-013602] [Server] Channel mysql_main configured to support TLS. Encrypted connections are now supported for this channel.
2022-09-04T22:29:19.094794Z 0 [System] [MY-011323] [Server] X Plugin ready for connections. Bind-address: '::' port: 33060
2022-09-04T22:29:19.094927Z 0 [System] [MY-010931] [Server] E:\VS projects\Traffic_Lights\MySQL Server 8.0\bin\mysqld: ready for connections. Version: '8.0.28'  socket: ''  port: 3306  MySQL Community Server - GPL.
2022-09-04T22:30:14.693950Z 0 [System] [MY-013105] [Server] E:\VS projects\Traffic_Lights\MySQL Server 8.0\bin\mysqld: Normal shutdown.
2022-09-04T22:30:16.707593Z 0 [Warning] [MY-010909] [Server] E:\VS projects\Traffic_Lights\MySQL Server 8.0\bin\mysqld: Forcing close of thread 11  user: 'root'.
2022-09-04T22:30:16.708073Z 0 [Warning] [MY-010909] [Server] E:\VS projects\Traffic_Lights\MySQL Server 8.0\bin\mysqld: Forcing close of thread 12  user: 'root'.
2022-09-04T22:30:17.721908Z 0 [System] [MY-010910] [Server] E:\VS projects\Traffic_Lights\MySQL Server 8.0\bin\mysqld: Shutdown complete (mysqld 8.0.28)  MySQL Community Server - GPL.
2022-09-04T22:30:21.035156Z 0 [Warning] [MY-010915] [Server] 'NO_ZERO_DATE', 'NO_ZERO_IN_DATE' and 'ERROR_FOR_DIVISION_BY_ZERO' sql modes should be used with strict mode. They will be merged with strict mode in a future release.
2022-09-04T22:30:21.036360Z 0 [System] [MY-010116] [Server] E:\VS projects\Traffic_Lights\MySQL Server 8.0\bin\mysqld (mysqld 8.0.28) starting as process 4296
2022-09-04T22:30:21.047970Z 1 [System] [MY-013576] [InnoDB] InnoDB initialization has started.
2022-09-04T22:30:21.226941Z 1 [System] [MY-013577] [InnoDB] InnoDB initialization has ended.
2022-09-04T22:30:21.406191Z 0 [Warning] [MY-010068] [Server] CA certificate ca.pem is self signed.
2022-09-04T22:30:21.406487Z 0 [System] [MY-013602] [Server] Channel mysql_main configured to support TLS. Encrypted connections are now supported for this channel.
2022-09-04T22:30:21.438576Z 0 [System] [MY-011323] [Server] X Plugin ready for connections. Bind-address: '::' port: 33060
2022-09-04T22:30:21.438749Z 0 [System] [MY-010931] [Server] E:\VS projects\Traffic_Lights\MySQL Server 8.0\bin\mysqld: ready for connections. Version: '8.0.28'  socket: ''  port: 3306  MySQL Community Server - GPL.
2022-09-04T22:30:58.851451Z 0 [System] [MY-013105] [Server] E:\VS projects\Traffic_Lights\MySQL Server 8.0\bin\mysqld: Normal shutdown.
2022-09-04T22:31:00.859258Z 0 [Warning] [MY-010909] [Server] E:\VS projects\Traffic_Lights\MySQL Server 8.0\bin\mysqld: Forcing close of thread 9  user: 'root'.
2022-09-04T22:31:00.859750Z 0 [Warning] [MY-010909] [Server] E:\VS projects\Traffic_Lights\MySQL Server 8.0\bin\mysqld: Forcing close of thread 10  user: 'root'.
2022-09-04T22:31:01.889252Z 0 [System] [MY-010910] [Server] E:\VS projects\Traffic_Lights\MySQL Server 8.0\bin\mysqld: Shutdown complete (mysqld 8.0.28)  MySQL Community Server - GPL.
2022-09-04T22:31:05.343746Z 0 [Warning] [MY-010915] [Server] 'NO_ZERO_DATE', 'NO_ZERO_IN_DATE' and 'ERROR_FOR_DIVISION_BY_ZERO' sql modes should be used with strict mode. They will be merged with strict mode in a future release.
2022-09-04T22:31:05.344560Z 0 [System] [MY-010116] [Server] E:\VS projects\Traffic_Lights\MySQL Server 8.0\bin\mysqld (mysqld 8.0.28) starting as process 5868
2022-09-04T22:31:05.364020Z 1 [System] [MY-013576] [InnoDB] InnoDB initialization has started.
2022-09-04T22:31:05.567897Z 1 [System] [MY-013577] [InnoDB] InnoDB initialization has ended.
2022-09-04T22:31:05.746747Z 0 [Warning] [MY-010068] [Server] CA certificate ca.pem is self signed.
2022-09-04T22:31:05.747029Z 0 [System] [MY-013602] [Server] Channel mysql_main configured to support TLS. Encrypted connections are now supported for this channel.
2022-09-04T22:31:05.776029Z 0 [System] [MY-011323] [Server] X Plugin ready for connections. Bind-address: '::' port: 33060
2022-09-04T22:31:05.776173Z 0 [System] [MY-010931] [Server] E:\VS projects\Traffic_Lights\MySQL Server 8.0\bin\mysqld: ready for connections. Version: '8.0.28'  socket: ''  port: 3306  MySQL Community Server - GPL.
2022-09-04T22:31:44.635648Z 0 [System] [MY-013105] [Server] E:\VS projects\Traffic_Lights\MySQL Server 8.0\bin\mysqld: Normal shutdown.
2022-09-04T22:31:46.637147Z 0 [Warning] [MY-010909] [Server] E:\VS projects\Traffic_Lights\MySQL Server 8.0\bin\mysqld: Forcing close of thread 9  user: 'root'.
2022-09-04T22:31:46.637662Z 0 [Warning] [MY-010909] [Server] E:\VS projects\Traffic_Lights\MySQL Server 8.0\bin\mysqld: Forcing close of thread 10  user: 'root'.
2022-09-04T22:31:47.187791Z 0 [System] [MY-010910] [Server] E:\VS projects\Traffic_Lights\MySQL Server 8.0\bin\mysqld: Shutdown complete (mysqld 8.0.28)  MySQL Community Server - GPL.
2022-09-04T22:31:51.061994Z 0 [Warning] [MY-010915] [Server] 'NO_ZERO_DATE', 'NO_ZERO_IN_DATE' and 'ERROR_FOR_DIVISION_BY_ZERO' sql modes should be used with strict mode. They will be merged with strict mode in a future release.
2022-09-04T22:31:51.062813Z 0 [System] [MY-010116] [Server] E:\VS projects\Traffic_Lights\MySQL Server 8.0\bin\mysqld (mysqld 8.0.28) starting as process 40720
2022-09-04T22:31:51.073382Z 1 [System] [MY-013576] [InnoDB] InnoDB initialization has started.
2022-09-04T22:31:51.254864Z 1 [System] [MY-013577] [InnoDB] InnoDB initialization has ended.
2022-09-04T22:31:51.438329Z 0 [Warning] [MY-010068] [Server] CA certificate ca.pem is self signed.
2022-09-04T22:31:51.438620Z 0 [System] [MY-013602] [Server] Channel mysql_main configured to support TLS. Encrypted connections are now supported for this channel.
2022-09-04T22:31:51.468010Z 0 [System] [MY-011323] [Server] X Plugin ready for connections. Bind-address: '::' port: 33060
2022-09-04T22:31:51.468161Z 0 [System] [MY-010931] [Server] E:\VS projects\Traffic_Lights\MySQL Server 8.0\bin\mysqld: ready for connections. Version: '8.0.28'  socket: ''  port: 3306  MySQL Community Server - GPL.
2022-09-04T22:38:56.754460Z 0 [System] [MY-013105] [Server] E:\VS projects\Traffic_Lights\MySQL Server 8.0\bin\mysqld: Normal shutdown.
2022-09-04T22:38:58.765281Z 0 [Warning] [MY-010909] [Server] E:\VS projects\Traffic_Lights\MySQL Server 8.0\bin\mysqld: Forcing close of thread 9  user: 'root'.
2022-09-04T22:38:58.765765Z 0 [Warning] [MY-010909] [Server] E:\VS projects\Traffic_Lights\MySQL Server 8.0\bin\mysqld: Forcing close of thread 10  user: 'root'.
2022-09-04T22:38:59.864151Z 0 [System] [MY-010910] [Server] E:\VS projects\Traffic_Lights\MySQL Server 8.0\bin\mysqld: Shutdown complete (mysqld 8.0.28)  MySQL Community Server - GPL.
2022-09-04T22:39:03.093955Z 0 [Warning] [MY-010915] [Server] 'NO_ZERO_DATE', 'NO_ZERO_IN_DATE' and 'ERROR_FOR_DIVISION_BY_ZERO' sql modes should be used with strict mode. They will be merged with strict mode in a future release.
2022-09-04T22:39:03.094784Z 0 [System] [MY-010116] [Server] E:\VS projects\Traffic_Lights\MySQL Server 8.0\bin\mysqld (mysqld 8.0.28) starting as process 40024
2022-09-04T22:39:03.106407Z 1 [System] [MY-013576] [InnoDB] InnoDB initialization has started.
2022-09-04T22:39:03.285821Z 1 [System] [MY-013577] [InnoDB] InnoDB initialization has ended.
2022-09-04T22:39:03.530896Z 0 [Warning] [MY-010068] [Server] CA certificate ca.pem is self signed.
2022-09-04T22:39:03.531192Z 0 [System] [MY-013602] [Server] Channel mysql_main configured to support TLS. Encrypted connections are now supported for this channel.
2022-09-04T22:39:03.560533Z 0 [System] [MY-011323] [Server] X Plugin ready for connections. Bind-address: '::' port: 33060
2022-09-04T22:39:03.560688Z 0 [System] [MY-010931] [Server] E:\VS projects\Traffic_Lights\MySQL Server 8.0\bin\mysqld: ready for connections. Version: '8.0.28'  socket: ''  port: 3306  MySQL Community Server - GPL.
2022-09-04T22:39:47.590019Z 0 [System] [MY-013105] [Server] E:\VS projects\Traffic_Lights\MySQL Server 8.0\bin\mysqld: Normal shutdown.
2022-09-04T22:39:47.938445Z 0 [System] [MY-010910] [Server] E:\VS projects\Traffic_Lights\MySQL Server 8.0\bin\mysqld: Shutdown complete (mysqld 8.0.28)  MySQL Community Server - GPL.
2022-09-04T22:39:51.508732Z 0 [Warning] [MY-010915] [Server] 'NO_ZERO_DATE', 'NO_ZERO_IN_DATE' and 'ERROR_FOR_DIVISION_BY_ZERO' sql modes should be used with strict mode. They will be merged with strict mode in a future release.
2022-09-04T22:39:51.510032Z 0 [System] [MY-010116] [Server] E:\VS projects\Traffic_Lights\MySQL Server 8.0\bin\mysqld (mysqld 8.0.28) starting as process 41404
2022-09-04T22:39:51.527240Z 1 [System] [MY-013576] [InnoDB] InnoDB initialization has started.
2022-09-04T22:39:51.729747Z 1 [System] [MY-013577] [InnoDB] InnoDB initialization has ended.
2022-09-04T22:39:51.912972Z 0 [Warning] [MY-010068] [Server] CA certificate ca.pem is self signed.
2022-09-04T22:39:51.913277Z 0 [System] [MY-013602] [Server] Channel mysql_main configured to support TLS. Encrypted connections are now supported for this channel.
2022-09-04T22:39:51.942926Z 0 [System] [MY-011323] [Server] X Plugin ready for connections. Bind-address: '::' port: 33060
2022-09-04T22:39:51.943096Z 0 [System] [MY-010931] [Server] E:\VS projects\Traffic_Lights\MySQL Server 8.0\bin\mysqld: ready for connections. Version: '8.0.28'  socket: ''  port: 3306  MySQL Community Server - GPL.
2022-09-04T22:41:09.884769Z 0 [System] [MY-013105] [Server] E:\VS projects\Traffic_Lights\MySQL Server 8.0\bin\mysqld: Normal shutdown.
2022-09-04T22:41:11.896556Z 0 [Warning] [MY-010909] [Server] E:\VS projects\Traffic_Lights\MySQL Server 8.0\bin\mysqld: Forcing close of thread 13  user: 'root'.
2022-09-04T22:41:11.897942Z 0 [Warning] [MY-010909] [Server] E:\VS projects\Traffic_Lights\MySQL Server 8.0\bin\mysqld: Forcing close of thread 14  user: 'root'.
2022-09-04T22:41:12.766430Z 0 [System] [MY-010910] [Server] E:\VS projects\Traffic_Lights\MySQL Server 8.0\bin\mysqld: Shutdown complete (mysqld 8.0.28)  MySQL Community Server - GPL.
2022-09-04T22:41:16.281321Z 0 [Warning] [MY-010915] [Server] 'NO_ZERO_DATE', 'NO_ZERO_IN_DATE' and 'ERROR_FOR_DIVISION_BY_ZERO' sql modes should be used with strict mode. They will be merged with strict mode in a future release.
2022-09-04T22:41:16.282216Z 0 [System] [MY-010116] [Server] E:\VS projects\Traffic_Lights\MySQL Server 8.0\bin\mysqld (mysqld 8.0.28) starting as process 37960
2022-09-04T22:41:16.293259Z 1 [System] [MY-013576] [InnoDB] InnoDB initialization has started.
2022-09-04T22:41:16.470692Z 1 [System] [MY-013577] [InnoDB] InnoDB initialization has ended.
2022-09-04T22:41:16.638068Z 0 [Warning] [MY-010068] [Server] CA certificate ca.pem is self signed.
2022-09-04T22:41:16.638388Z 0 [System] [MY-013602] [Server] Channel mysql_main configured to support TLS. Encrypted connections are now supported for this channel.
2022-09-04T22:41:16.669308Z 0 [System] [MY-011323] [Server] X Plugin ready for connections. Bind-address: '::' port: 33060
2022-09-04T22:41:16.669568Z 0 [System] [MY-010931] [Server] E:\VS projects\Traffic_Lights\MySQL Server 8.0\bin\mysqld: ready for connections. Version: '8.0.28'  socket: ''  port: 3306  MySQL Community Server - GPL.
2022-09-04T22:47:02.185565Z 0 [System] [MY-013105] [Server] E:\VS projects\Traffic_Lights\MySQL Server 8.0\bin\mysqld: Normal shutdown.
2022-09-04T22:47:04.192333Z 0 [Warning] [MY-010909] [Server] E:\VS projects\Traffic_Lights\MySQL Server 8.0\bin\mysqld: Forcing close of thread 9  user: 'root'.
2022-09-04T22:47:04.193075Z 0 [Warning] [MY-010909] [Server] E:\VS projects\Traffic_Lights\MySQL Server 8.0\bin\mysqld: Forcing close of thread 10  user: 'root'.
2022-09-04T22:47:04.899200Z 0 [System] [MY-010910] [Server] E:\VS projects\Traffic_Lights\MySQL Server 8.0\bin\mysqld: Shutdown complete (mysqld 8.0.28)  MySQL Community Server - GPL.
2022-09-04T22:47:08.562625Z 0 [Warning] [MY-010915] [Server] 'NO_ZERO_DATE', 'NO_ZERO_IN_DATE' and 'ERROR_FOR_DIVISION_BY_ZERO' sql modes should be used with strict mode. They will be merged with strict mode in a future release.
2022-09-04T22:47:08.563466Z 0 [System] [MY-010116] [Server] E:\VS projects\Traffic_Lights\MySQL Server 8.0\bin\mysqld (mysqld 8.0.28) starting as process 10972
2022-09-04T22:47:08.574858Z 1 [System] [MY-013576] [InnoDB] InnoDB initialization has started.
2022-09-04T22:47:08.751342Z 1 [System] [MY-013577] [InnoDB] InnoDB initialization has ended.
2022-09-04T22:47:08.989911Z 0 [Warning] [MY-010068] [Server] CA certificate ca.pem is self signed.
2022-09-04T22:47:08.990429Z 0 [System] [MY-013602] [Server] Channel mysql_main configured to support TLS. Encrypted connections are now supported for this channel.
2022-09-04T22:47:09.023046Z 0 [System] [MY-011323] [Server] X Plugin ready for connections. Bind-address: '::' port: 33060
2022-09-04T22:47:09.023212Z 0 [System] [MY-010931] [Server] E:\VS projects\Traffic_Lights\MySQL Server 8.0\bin\mysqld: ready for connections. Version: '8.0.28'  socket: ''  port: 3306  MySQL Community Server - GPL.
2022-09-04T22:48:02.838025Z 0 [System] [MY-013105] [Server] E:\VS projects\Traffic_Lights\MySQL Server 8.0\bin\mysqld: Normal shutdown.
2022-09-04T22:48:03.499632Z 0 [System] [MY-010910] [Server] E:\VS projects\Traffic_Lights\MySQL Server 8.0\bin\mysqld: Shutdown complete (mysqld 8.0.28)  MySQL Community Server - GPL.
2022-09-04T22:48:06.814887Z 0 [Warning] [MY-010915] [Server] 'NO_ZERO_DATE', 'NO_ZERO_IN_DATE' and 'ERROR_FOR_DIVISION_BY_ZERO' sql modes should be used with strict mode. They will be merged with strict mode in a future release.
2022-09-04T22:48:06.815986Z 0 [System] [MY-010116] [Server] E:\VS projects\Traffic_Lights\MySQL Server 8.0\bin\mysqld (mysqld 8.0.28) starting as process 3944
2022-09-04T22:48:06.826009Z 1 [System] [MY-013576] [InnoDB] InnoDB initialization has started.
2022-09-04T22:48:07.007670Z 1 [System] [MY-013577] [InnoDB] InnoDB initialization has ended.
2022-09-04T22:48:07.183617Z 0 [Warning] [MY-010068] [Server] CA certificate ca.pem is self signed.
2022-09-04T22:48:07.183903Z 0 [System] [MY-013602] [Server] Channel mysql_main configured to support TLS. Encrypted connections are now supported for this channel.
2022-09-04T22:48:07.211810Z 0 [System] [MY-011323] [Server] X Plugin ready for connections. Bind-address: '::' port: 33060
2022-09-04T22:48:07.211990Z 0 [System] [MY-010931] [Server] E:\VS projects\Traffic_Lights\MySQL Server 8.0\bin\mysqld: ready for connections. Version: '8.0.28'  socket: ''  port: 3306  MySQL Community Server - GPL.
2022-09-04T22:48:45.182808Z 0 [System] [MY-013105] [Server] E:\VS projects\Traffic_Lights\MySQL Server 8.0\bin\mysqld: Normal shutdown.
2022-09-04T22:48:47.189863Z 0 [Warning] [MY-010909] [Server] E:\VS projects\Traffic_Lights\MySQL Server 8.0\bin\mysqld: Forcing close of thread 9  user: 'root'.
2022-09-04T22:48:47.190406Z 0 [Warning] [MY-010909] [Server] E:\VS projects\Traffic_Lights\MySQL Server 8.0\bin\mysqld: Forcing close of thread 10  user: 'root'.
2022-09-04T22:48:47.704324Z 0 [System] [MY-010910] [Server] E:\VS projects\Traffic_Lights\MySQL Server 8.0\bin\mysqld: Shutdown complete (mysqld 8.0.28)  MySQL Community Server - GPL.
2022-09-04T22:48:51.690081Z 0 [Warning] [MY-010915] [Server] 'NO_ZERO_DATE', 'NO_ZERO_IN_DATE' and 'ERROR_FOR_DIVISION_BY_ZERO' sql modes should be used with strict mode. They will be merged with strict mode in a future release.
2022-09-04T22:48:51.690982Z 0 [System] [MY-010116] [Server] E:\VS projects\Traffic_Lights\MySQL Server 8.0\bin\mysqld (mysqld 8.0.28) starting as process 30472
2022-09-04T22:48:51.701648Z 1 [System] [MY-013576] [InnoDB] InnoDB initialization has started.
2022-09-04T22:48:51.878400Z 1 [System] [MY-013577] [InnoDB] InnoDB initialization has ended.
2022-09-04T22:48:52.056046Z 0 [Warning] [MY-010068] [Server] CA certificate ca.pem is self signed.
2022-09-04T22:48:52.056383Z 0 [System] [MY-013602] [Server] Channel mysql_main configured to support TLS. Encrypted connections are now supported for this channel.
2022-09-04T22:48:52.089170Z 0 [System] [MY-011323] [Server] X Plugin ready for connections. Bind-address: '::' port: 33060
2022-09-04T22:48:52.089438Z 0 [System] [MY-010931] [Server] E:\VS projects\Traffic_Lights\MySQL Server 8.0\bin\mysqld: ready for connections. Version: '8.0.28'  socket: ''  port: 3306  MySQL Community Server - GPL.
2022-09-04T22:49:19.322021Z 0 [System] [MY-013105] [Server] E:\VS projects\Traffic_Lights\MySQL Server 8.0\bin\mysqld: Normal shutdown.
2022-09-04T22:49:21.336069Z 0 [Warning] [MY-010909] [Server] E:\VS projects\Traffic_Lights\MySQL Server 8.0\bin\mysqld: Forcing close of thread 9  user: 'root'.
2022-09-04T22:49:22.447764Z 0 [System] [MY-010910] [Server] E:\VS projects\Traffic_Lights\MySQL Server 8.0\bin\mysqld: Shutdown complete (mysqld 8.0.28)  MySQL Community Server - GPL.
2022-09-04T22:49:25.734910Z 0 [Warning] [MY-010915] [Server] 'NO_ZERO_DATE', 'NO_ZERO_IN_DATE' and 'ERROR_FOR_DIVISION_BY_ZERO' sql modes should be used with strict mode. They will be merged with strict mode in a future release.
2022-09-04T22:49:25.735711Z 0 [System] [MY-010116] [Server] E:\VS projects\Traffic_Lights\MySQL Server 8.0\bin\mysqld (mysqld 8.0.28) starting as process 4112
2022-09-04T22:49:25.746069Z 1 [System] [MY-013576] [InnoDB] InnoDB initialization has started.
2022-09-04T22:49:25.926958Z 1 [System] [MY-013577] [InnoDB] InnoDB initialization has ended.
2022-09-04T22:49:26.090428Z 0 [Warning] [MY-010068] [Server] CA certificate ca.pem is self signed.
2022-09-04T22:49:26.090714Z 0 [System] [MY-013602] [Server] Channel mysql_main configured to support TLS. Encrypted connections are now supported for this channel.
2022-09-04T22:49:26.119176Z 0 [System] [MY-011323] [Server] X Plugin ready for connections. Bind-address: '::' port: 33060
2022-09-04T22:49:26.119367Z 0 [System] [MY-010931] [Server] E:\VS projects\Traffic_Lights\MySQL Server 8.0\bin\mysqld: ready for connections. Version: '8.0.28'  socket: ''  port: 3306  MySQL Community Server - GPL.
2022-09-04T22:51:19.051995Z 0 [System] [MY-013105] [Server] E:\VS projects\Traffic_Lights\MySQL Server 8.0\bin\mysqld: Normal shutdown.
2022-09-04T22:51:21.053886Z 0 [Warning] [MY-010909] [Server] E:\VS projects\Traffic_Lights\MySQL Server 8.0\bin\mysqld: Forcing close of thread 9  user: 'root'.
2022-09-04T22:51:21.054421Z 0 [Warning] [MY-010909] [Server] E:\VS projects\Traffic_Lights\MySQL Server 8.0\bin\mysqld: Forcing close of thread 10  user: 'root'.
2022-09-04T22:51:21.337101Z 0 [System] [MY-010910] [Server] E:\VS projects\Traffic_Lights\MySQL Server 8.0\bin\mysqld: Shutdown complete (mysqld 8.0.28)  MySQL Community Server - GPL.
2022-09-04T22:51:23.015578Z 0 [Warning] [MY-010915] [Server] 'NO_ZERO_DATE', 'NO_ZERO_IN_DATE' and 'ERROR_FOR_DIVISION_BY_ZERO' sql modes should be used with strict mode. They will be merged with strict mode in a future release.
2022-09-04T22:51:23.016427Z 0 [System] [MY-010116] [Server] E:\VS projects\Traffic_Lights\MySQL Server 8.0\bin\mysqld (mysqld 8.0.28) starting as process 9048
2022-09-04T22:51:23.026948Z 1 [System] [MY-013576] [InnoDB] InnoDB initialization has started.
2022-09-04T22:51:23.223362Z 1 [System] [MY-013577] [InnoDB] InnoDB initialization has ended.
2022-09-04T22:51:23.392873Z 0 [Warning] [MY-010068] [Server] CA certificate ca.pem is self signed.
2022-09-04T22:51:23.393162Z 0 [System] [MY-013602] [Server] Channel mysql_main configured to support TLS. Encrypted connections are now supported for this channel.
2022-09-04T22:51:23.421774Z 0 [System] [MY-011323] [Server] X Plugin ready for connections. Bind-address: '::' port: 33060
2022-09-04T22:51:23.421911Z 0 [System] [MY-010931] [Server] E:\VS projects\Traffic_Lights\MySQL Server 8.0\bin\mysqld: ready for connections. Version: '8.0.28'  socket: ''  port: 3306  MySQL Community Server - GPL.
2022-09-04T22:52:25.254067Z 0 [System] [MY-013105] [Server] E:\VS projects\Traffic_Lights\MySQL Server 8.0\bin\mysqld: Normal shutdown.
2022-09-04T22:52:27.267917Z 0 [Warning] [MY-010909] [Server] E:\VS projects\Traffic_Lights\MySQL Server 8.0\bin\mysqld: Forcing close of thread 9  user: 'root'.
2022-09-04T22:52:28.110351Z 0 [System] [MY-010910] [Server] E:\VS projects\Traffic_Lights\MySQL Server 8.0\bin\mysqld: Shutdown complete (mysqld 8.0.28)  MySQL Community Server - GPL.
2022-09-04T22:52:31.577216Z 0 [Warning] [MY-010915] [Server] 'NO_ZERO_DATE', 'NO_ZERO_IN_DATE' and 'ERROR_FOR_DIVISION_BY_ZERO' sql modes should be used with strict mode. They will be merged with strict mode in a future release.
2022-09-04T22:52:31.578100Z 0 [System] [MY-010116] [Server] E:\VS projects\Traffic_Lights\MySQL Server 8.0\bin\mysqld (mysqld 8.0.28) starting as process 39408
2022-09-04T22:52:31.588192Z 1 [System] [MY-013576] [InnoDB] InnoDB initialization has started.
2022-09-04T22:52:31.766302Z 1 [System] [MY-013577] [InnoDB] InnoDB initialization has ended.
2022-09-04T22:52:31.959535Z 0 [Warning] [MY-010068] [Server] CA certificate ca.pem is self signed.
2022-09-04T22:52:31.959839Z 0 [System] [MY-013602] [Server] Channel mysql_main configured to support TLS. Encrypted connections are now supported for this channel.
2022-09-04T22:52:31.988951Z 0 [System] [MY-011323] [Server] X Plugin ready for connections. Bind-address: '::' port: 33060
2022-09-04T22:52:31.989100Z 0 [System] [MY-010931] [Server] E:\VS projects\Traffic_Lights\MySQL Server 8.0\bin\mysqld: ready for connections. Version: '8.0.28'  socket: ''  port: 3306  MySQL Community Server - GPL.
2022-09-04T22:52:49.824126Z 0 [System] [MY-013105] [Server] E:\VS projects\Traffic_Lights\MySQL Server 8.0\bin\mysqld: Normal shutdown.
2022-09-04T22:52:51.838043Z 0 [Warning] [MY-010909] [Server] E:\VS projects\Traffic_Lights\MySQL Server 8.0\bin\mysqld: Forcing close of thread 9  user: 'root'.
2022-09-04T22:52:52.270664Z 0 [System] [MY-010910] [Server] E:\VS projects\Traffic_Lights\MySQL Server 8.0\bin\mysqld: Shutdown complete (mysqld 8.0.28)  MySQL Community Server - GPL.
2022-09-04T22:52:53.874896Z 0 [Warning] [MY-010915] [Server] 'NO_ZERO_DATE', 'NO_ZERO_IN_DATE' and 'ERROR_FOR_DIVISION_BY_ZERO' sql modes should be used with strict mode. They will be merged with strict mode in a future release.
2022-09-04T22:52:53.875795Z 0 [System] [MY-010116] [Server] E:\VS projects\Traffic_Lights\MySQL Server 8.0\bin\mysqld (mysqld 8.0.28) starting as process 43512
2022-09-04T22:52:53.887748Z 1 [System] [MY-013576] [InnoDB] InnoDB initialization has started.
2022-09-04T22:52:54.088264Z 1 [System] [MY-013577] [InnoDB] InnoDB initialization has ended.
2022-09-04T22:52:54.260206Z 0 [Warning] [MY-010068] [Server] CA certificate ca.pem is self signed.
2022-09-04T22:52:54.260497Z 0 [System] [MY-013602] [Server] Channel mysql_main configured to support TLS. Encrypted connections are now supported for this channel.
2022-09-04T22:52:54.289242Z 0 [System] [MY-011323] [Server] X Plugin ready for connections. Bind-address: '::' port: 33060
2022-09-04T22:52:54.289391Z 0 [System] [MY-010931] [Server] E:\VS projects\Traffic_Lights\MySQL Server 8.0\bin\mysqld: ready for connections. Version: '8.0.28'  socket: ''  port: 3306  MySQL Community Server - GPL.
2022-09-04T22:54:19.077440Z 0 [System] [MY-013105] [Server] E:\VS projects\Traffic_Lights\MySQL Server 8.0\bin\mysqld: Normal shutdown.
2022-09-04T22:54:20.234616Z 0 [System] [MY-010910] [Server] E:\VS projects\Traffic_Lights\MySQL Server 8.0\bin\mysqld: Shutdown complete (mysqld 8.0.28)  MySQL Community Server - GPL.
2022-09-04T22:54:22.922866Z 0 [Warning] [MY-010915] [Server] 'NO_ZERO_DATE', 'NO_ZERO_IN_DATE' and 'ERROR_FOR_DIVISION_BY_ZERO' sql modes should be used with strict mode. They will be merged with strict mode in a future release.
2022-09-04T22:54:22.923709Z 0 [System] [MY-010116] [Server] E:\VS projects\Traffic_Lights\MySQL Server 8.0\bin\mysqld (mysqld 8.0.28) starting as process 19584
2022-09-04T22:54:22.934385Z 1 [System] [MY-013576] [InnoDB] InnoDB initialization has started.
2022-09-04T22:54:23.108975Z 1 [System] [MY-013577] [InnoDB] InnoDB initialization has ended.
2022-09-04T22:54:23.285230Z 0 [Warning] [MY-010068] [Server] CA certificate ca.pem is self signed.
2022-09-04T22:54:23.285524Z 0 [System] [MY-013602] [Server] Channel mysql_main configured to support TLS. Encrypted connections are now supported for this channel.
2022-09-04T22:54:23.313159Z 0 [System] [MY-011323] [Server] X Plugin ready for connections. Bind-address: '::' port: 33060
2022-09-04T22:54:23.313311Z 0 [System] [MY-010931] [Server] E:\VS projects\Traffic_Lights\MySQL Server 8.0\bin\mysqld: ready for connections. Version: '8.0.28'  socket: ''  port: 3306  MySQL Community Server - GPL.
2022-09-04T22:55:13.285965Z 0 [System] [MY-013105] [Server] E:\VS projects\Traffic_Lights\MySQL Server 8.0\bin\mysqld: Normal shutdown.
2022-09-04T22:55:15.291522Z 0 [Warning] [MY-010909] [Server] E:\VS projects\Traffic_Lights\MySQL Server 8.0\bin\mysqld: Forcing close of thread 8  user: 'root'.
2022-09-04T22:55:15.292038Z 0 [Warning] [MY-010909] [Server] E:\VS projects\Traffic_Lights\MySQL Server 8.0\bin\mysqld: Forcing close of thread 9  user: 'root'.
2022-09-04T22:55:15.863935Z 0 [System] [MY-010910] [Server] E:\VS projects\Traffic_Lights\MySQL Server 8.0\bin\mysqld: Shutdown complete (mysqld 8.0.28)  MySQL Community Server - GPL.
2022-09-04T22:55:19.796713Z 0 [Warning] [MY-010915] [Server] 'NO_ZERO_DATE', 'NO_ZERO_IN_DATE' and 'ERROR_FOR_DIVISION_BY_ZERO' sql modes should be used with strict mode. They will be merged with strict mode in a future release.
2022-09-04T22:55:19.797605Z 0 [System] [MY-010116] [Server] E:\VS projects\Traffic_Lights\MySQL Server 8.0\bin\mysqld (mysqld 8.0.28) starting as process 10640
2022-09-04T22:55:19.808196Z 1 [System] [MY-013576] [InnoDB] InnoDB initialization has started.
2022-09-04T22:55:20.005140Z 1 [System] [MY-013577] [InnoDB] InnoDB initialization has ended.
2022-09-04T22:55:20.178360Z 0 [Warning] [MY-010068] [Server] CA certificate ca.pem is self signed.
2022-09-04T22:55:20.178649Z 0 [System] [MY-013602] [Server] Channel mysql_main configured to support TLS. Encrypted connections are now supported for this channel.
2022-09-04T22:55:20.207346Z 0 [System] [MY-011323] [Server] X Plugin ready for connections. Bind-address: '::' port: 33060
2022-09-04T22:55:20.207587Z 0 [System] [MY-010931] [Server] E:\VS projects\Traffic_Lights\MySQL Server 8.0\bin\mysqld: ready for connections. Version: '8.0.28'  socket: ''  port: 3306  MySQL Community Server - GPL.
2022-09-04T22:55:32.629184Z 0 [System] [MY-013105] [Server] E:\VS projects\Traffic_Lights\MySQL Server 8.0\bin\mysqld: Normal shutdown.
2022-09-04T22:55:33.419604Z 0 [System] [MY-010910] [Server] E:\VS projects\Traffic_Lights\MySQL Server 8.0\bin\mysqld: Shutdown complete (mysqld 8.0.28)  MySQL Community Server - GPL.
2022-09-04T22:55:36.516595Z 0 [Warning] [MY-010915] [Server] 'NO_ZERO_DATE', 'NO_ZERO_IN_DATE' and 'ERROR_FOR_DIVISION_BY_ZERO' sql modes should be used with strict mode. They will be merged with strict mode in a future release.
2022-09-04T22:55:36.517440Z 0 [System] [MY-010116] [Server] E:\VS projects\Traffic_Lights\MySQL Server 8.0\bin\mysqld (mysqld 8.0.28) starting as process 44212
2022-09-04T22:55:36.527701Z 1 [System] [MY-013576] [InnoDB] InnoDB initialization has started.
2022-09-04T22:55:36.714843Z 1 [System] [MY-013577] [InnoDB] InnoDB initialization has ended.
2022-09-04T22:55:36.907574Z 0 [Warning] [MY-010068] [Server] CA certificate ca.pem is self signed.
2022-09-04T22:55:36.907863Z 0 [System] [MY-013602] [Server] Channel mysql_main configured to support TLS. Encrypted connections are now supported for this channel.
2022-09-04T22:55:36.937504Z 0 [System] [MY-011323] [Server] X Plugin ready for connections. Bind-address: '::' port: 33060
2022-09-04T22:55:36.937663Z 0 [System] [MY-010931] [Server] E:\VS projects\Traffic_Lights\MySQL Server 8.0\bin\mysqld: ready for connections. Version: '8.0.28'  socket: ''  port: 3306  MySQL Community Server - GPL.
2022-09-04T22:56:42.113527Z 0 [System] [MY-013105] [Server] E:\VS projects\Traffic_Lights\MySQL Server 8.0\bin\mysqld: Normal shutdown.
2022-09-04T22:56:44.121300Z 0 [Warning] [MY-010909] [Server] E:\VS projects\Traffic_Lights\MySQL Server 8.0\bin\mysqld: Forcing close of thread 20  user: 'root'.
2022-09-04T22:56:44.122339Z 0 [Warning] [MY-010909] [Server] E:\VS projects\Traffic_Lights\MySQL Server 8.0\bin\mysqld: Forcing close of thread 21  user: 'root'.
2022-09-04T22:56:44.648301Z 0 [System] [MY-010910] [Server] E:\VS projects\Traffic_Lights\MySQL Server 8.0\bin\mysqld: Shutdown complete (mysqld 8.0.28)  MySQL Community Server - GPL.
2022-09-04T22:56:48.452366Z 0 [Warning] [MY-010915] [Server] 'NO_ZERO_DATE', 'NO_ZERO_IN_DATE' and 'ERROR_FOR_DIVISION_BY_ZERO' sql modes should be used with strict mode. They will be merged with strict mode in a future release.
2022-09-04T22:56:48.453237Z 0 [System] [MY-010116] [Server] E:\VS projects\Traffic_Lights\MySQL Server 8.0\bin\mysqld (mysqld 8.0.28) starting as process 32240
2022-09-04T22:56:48.463769Z 1 [System] [MY-013576] [InnoDB] InnoDB initialization has started.
2022-09-04T22:56:48.648119Z 1 [System] [MY-013577] [InnoDB] InnoDB initialization has ended.
2022-09-04T22:56:48.817041Z 0 [Warning] [MY-010068] [Server] CA certificate ca.pem is self signed.
2022-09-04T22:56:48.817334Z 0 [System] [MY-013602] [Server] Channel mysql_main configured to support TLS. Encrypted connections are now supported for this channel.
2022-09-04T22:56:48.845770Z 0 [System] [MY-011323] [Server] X Plugin ready for connections. Bind-address: '::' port: 33060
2022-09-04T22:56:48.845932Z 0 [System] [MY-010931] [Server] E:\VS projects\Traffic_Lights\MySQL Server 8.0\bin\mysqld: ready for connections. Version: '8.0.28'  socket: ''  port: 3306  MySQL Community Server - GPL.
2022-09-04T22:57:09.013721Z 0 [System] [MY-013105] [Server] E:\VS projects\Traffic_Lights\MySQL Server 8.0\bin\mysqld: Normal shutdown.
2022-09-04T22:57:11.017941Z 0 [Warning] [MY-010909] [Server] E:\VS projects\Traffic_Lights\MySQL Server 8.0\bin\mysqld: Forcing close of thread 9  user: 'root'.
2022-09-04T22:57:11.018419Z 0 [Warning] [MY-010909] [Server] E:\VS projects\Traffic_Lights\MySQL Server 8.0\bin\mysqld: Forcing close of thread 10  user: 'root'.
2022-09-04T22:57:12.117147Z 0 [System] [MY-010910] [Server] E:\VS projects\Traffic_Lights\MySQL Server 8.0\bin\mysqld: Shutdown complete (mysqld 8.0.28)  MySQL Community Server - GPL.
2022-09-04T22:57:25.109821Z 0 [Warning] [MY-010915] [Server] 'NO_ZERO_DATE', 'NO_ZERO_IN_DATE' and 'ERROR_FOR_DIVISION_BY_ZERO' sql modes should be used with strict mode. They will be merged with strict mode in a future release.
2022-09-04T22:57:25.110636Z 0 [System] [MY-010116] [Server] E:\VS projects\Traffic_Lights\MySQL Server 8.0\bin\mysqld (mysqld 8.0.28) starting as process 42192
2022-09-04T22:57:25.120541Z 1 [System] [MY-013576] [InnoDB] InnoDB initialization has started.
2022-09-04T22:57:25.299174Z 1 [System] [MY-013577] [InnoDB] InnoDB initialization has ended.
2022-09-04T22:57:25.545254Z 0 [Warning] [MY-010068] [Server] CA certificate ca.pem is self signed.
2022-09-04T22:57:25.545535Z 0 [System] [MY-013602] [Server] Channel mysql_main configured to support TLS. Encrypted connections are now supported for this channel.
2022-09-04T22:57:25.578665Z 0 [System] [MY-011323] [Server] X Plugin ready for connections. Bind-address: '::' port: 33060
2022-09-04T22:57:25.578883Z 0 [System] [MY-010931] [Server] E:\VS projects\Traffic_Lights\MySQL Server 8.0\bin\mysqld: ready for connections. Version: '8.0.28'  socket: ''  port: 3306  MySQL Community Server - GPL.
2022-09-04T22:58:48.598379Z 0 [System] [MY-013105] [Server] E:\VS projects\Traffic_Lights\MySQL Server 8.0\bin\mysqld: Normal shutdown.
2022-09-04T22:58:50.605896Z 0 [Warning] [MY-010909] [Server] E:\VS projects\Traffic_Lights\MySQL Server 8.0\bin\mysqld: Forcing close of thread 8  user: 'root'.
2022-09-04T22:58:50.608328Z 0 [Warning] [MY-010909] [Server] E:\VS projects\Traffic_Lights\MySQL Server 8.0\bin\mysqld: Forcing close of thread 9  user: 'root'.
2022-09-04T22:58:51.415219Z 0 [System] [MY-010910] [Server] E:\VS projects\Traffic_Lights\MySQL Server 8.0\bin\mysqld: Shutdown complete (mysqld 8.0.28)  MySQL Community Server - GPL.
2022-09-04T22:58:54.936884Z 0 [Warning] [MY-010915] [Server] 'NO_ZERO_DATE', 'NO_ZERO_IN_DATE' and 'ERROR_FOR_DIVISION_BY_ZERO' sql modes should be used with strict mode. They will be merged with strict mode in a future release.
2022-09-04T22:58:54.937787Z 0 [System] [MY-010116] [Server] E:\VS projects\Traffic_Lights\MySQL Server 8.0\bin\mysqld (mysqld 8.0.28) starting as process 44208
2022-09-04T22:58:54.948312Z 1 [System] [MY-013576] [InnoDB] InnoDB initialization has started.
2022-09-04T22:58:55.128168Z 1 [System] [MY-013577] [InnoDB] InnoDB initialization has ended.
2022-09-04T22:58:55.293499Z 0 [Warning] [MY-010068] [Server] CA certificate ca.pem is self signed.
2022-09-04T22:58:55.293782Z 0 [System] [MY-013602] [Server] Channel mysql_main configured to support TLS. Encrypted connections are now supported for this channel.
2022-09-04T22:58:55.322273Z 0 [System] [MY-011323] [Server] X Plugin ready for connections. Bind-address: '::' port: 33060
2022-09-04T22:58:55.322440Z 0 [System] [MY-010931] [Server] E:\VS projects\Traffic_Lights\MySQL Server 8.0\bin\mysqld: ready for connections. Version: '8.0.28'  socket: ''  port: 3306  MySQL Community Server - GPL.
2022-09-04T22:59:07.190433Z 0 [System] [MY-013105] [Server] E:\VS projects\Traffic_Lights\MySQL Server 8.0\bin\mysqld: Normal shutdown.
2022-09-04T22:59:07.504418Z 0 [System] [MY-010910] [Server] E:\VS projects\Traffic_Lights\MySQL Server 8.0\bin\mysqld: Shutdown complete (mysqld 8.0.28)  MySQL Community Server - GPL.
2022-09-04T22:59:11.015678Z 0 [Warning] [MY-010915] [Server] 'NO_ZERO_DATE', 'NO_ZERO_IN_DATE' and 'ERROR_FOR_DIVISION_BY_ZERO' sql modes should be used with strict mode. They will be merged with strict mode in a future release.
2022-09-04T22:59:11.016530Z 0 [System] [MY-010116] [Server] E:\VS projects\Traffic_Lights\MySQL Server 8.0\bin\mysqld (mysqld 8.0.28) starting as process 43804
2022-09-04T22:59:11.026730Z 1 [System] [MY-013576] [InnoDB] InnoDB initialization has started.
2022-09-04T22:59:11.225386Z 1 [System] [MY-013577] [InnoDB] InnoDB initialization has ended.
2022-09-04T22:59:11.467411Z 0 [Warning] [MY-010068] [Server] CA certificate ca.pem is self signed.
2022-09-04T22:59:11.467716Z 0 [System] [MY-013602] [Server] Channel mysql_main configured to support TLS. Encrypted connections are now supported for this channel.
2022-09-04T22:59:11.497717Z 0 [System] [MY-011323] [Server] X Plugin ready for connections. Bind-address: '::' port: 33060
2022-09-04T22:59:11.497843Z 0 [System] [MY-010931] [Server] E:\VS projects\Traffic_Lights\MySQL Server 8.0\bin\mysqld: ready for connections. Version: '8.0.28'  socket: ''  port: 3306  MySQL Community Server - GPL.
2022-09-04T23:00:58.173190Z 0 [System] [MY-013105] [Server] E:\VS projects\Traffic_Lights\MySQL Server 8.0\bin\mysqld: Normal shutdown.
2022-09-04T23:00:58.475867Z 0 [System] [MY-010910] [Server] E:\VS projects\Traffic_Lights\MySQL Server 8.0\bin\mysqld: Shutdown complete (mysqld 8.0.28)  MySQL Community Server - GPL.
2022-09-04T23:01:02.001255Z 0 [Warning] [MY-010915] [Server] 'NO_ZERO_DATE', 'NO_ZERO_IN_DATE' and 'ERROR_FOR_DIVISION_BY_ZERO' sql modes should be used with strict mode. They will be merged with strict mode in a future release.
2022-09-04T23:01:02.002107Z 0 [System] [MY-010116] [Server] E:\VS projects\Traffic_Lights\MySQL Server 8.0\bin\mysqld (mysqld 8.0.28) starting as process 1264
2022-09-04T23:01:02.013252Z 1 [System] [MY-013576] [InnoDB] InnoDB initialization has started.
2022-09-04T23:01:02.194429Z 1 [System] [MY-013577] [InnoDB] InnoDB initialization has ended.
2022-09-04T23:01:02.447156Z 0 [Warning] [MY-010068] [Server] CA certificate ca.pem is self signed.
2022-09-04T23:01:02.447442Z 0 [System] [MY-013602] [Server] Channel mysql_main configured to support TLS. Encrypted connections are now supported for this channel.
2022-09-04T23:01:02.477483Z 0 [System] [MY-011323] [Server] X Plugin ready for connections. Bind-address: '::' port: 33060
2022-09-04T23:01:02.477689Z 0 [System] [MY-010931] [Server] E:\VS projects\Traffic_Lights\MySQL Server 8.0\bin\mysqld: ready for connections. Version: '8.0.28'  socket: ''  port: 3306  MySQL Community Server - GPL.
2022-09-04T23:01:14.921780Z 0 [System] [MY-013105] [Server] E:\VS projects\Traffic_Lights\MySQL Server 8.0\bin\mysqld: Normal shutdown.
2022-09-04T23:01:16.928930Z 0 [Warning] [MY-010909] [Server] E:\VS projects\Traffic_Lights\MySQL Server 8.0\bin\mysqld: Forcing close of thread 17  user: 'root'.
2022-09-04T23:01:17.632357Z 0 [System] [MY-010910] [Server] E:\VS projects\Traffic_Lights\MySQL Server 8.0\bin\mysqld: Shutdown complete (mysqld 8.0.28)  MySQL Community Server - GPL.
2022-09-04T23:01:21.329314Z 0 [Warning] [MY-010915] [Server] 'NO_ZERO_DATE', 'NO_ZERO_IN_DATE' and 'ERROR_FOR_DIVISION_BY_ZERO' sql modes should be used with strict mode. They will be merged with strict mode in a future release.
2022-09-04T23:01:21.330186Z 0 [System] [MY-010116] [Server] E:\VS projects\Traffic_Lights\MySQL Server 8.0\bin\mysqld (mysqld 8.0.28) starting as process 10960
2022-09-04T23:01:21.343105Z 1 [System] [MY-013576] [InnoDB] InnoDB initialization has started.
2022-09-04T23:01:21.524373Z 1 [System] [MY-013577] [InnoDB] InnoDB initialization has ended.
2022-09-04T23:01:21.704859Z 0 [Warning] [MY-010068] [Server] CA certificate ca.pem is self signed.
2022-09-04T23:01:21.705160Z 0 [System] [MY-013602] [Server] Channel mysql_main configured to support TLS. Encrypted connections are now supported for this channel.
2022-09-04T23:01:21.734746Z 0 [System] [MY-011323] [Server] X Plugin ready for connections. Bind-address: '::' port: 33060
2022-09-04T23:01:21.734890Z 0 [System] [MY-010931] [Server] E:\VS projects\Traffic_Lights\MySQL Server 8.0\bin\mysqld: ready for connections. Version: '8.0.28'  socket: ''  port: 3306  MySQL Community Server - GPL.
2022-09-04T23:01:28.674533Z 0 [System] [MY-013105] [Server] E:\VS projects\Traffic_Lights\MySQL Server 8.0\bin\mysqld: Normal shutdown.
2022-09-04T23:01:28.888324Z 0 [System] [MY-010910] [Server] E:\VS projects\Traffic_Lights\MySQL Server 8.0\bin\mysqld: Shutdown complete (mysqld 8.0.28)  MySQL Community Server - GPL.
2022-09-04T23:01:32.516873Z 0 [Warning] [MY-010915] [Server] 'NO_ZERO_DATE', 'NO_ZERO_IN_DATE' and 'ERROR_FOR_DIVISION_BY_ZERO' sql modes should be used with strict mode. They will be merged with strict mode in a future release.
2022-09-04T23:01:32.517885Z 0 [System] [MY-010116] [Server] E:\VS projects\Traffic_Lights\MySQL Server 8.0\bin\mysqld (mysqld 8.0.28) starting as process 42264
2022-09-04T23:01:32.528499Z 1 [System] [MY-013576] [InnoDB] InnoDB initialization has started.
2022-09-04T23:01:32.713866Z 1 [System] [MY-013577] [InnoDB] InnoDB initialization has ended.
2022-09-04T23:01:32.877320Z 0 [Warning] [MY-010068] [Server] CA certificate ca.pem is self signed.
2022-09-04T23:01:32.877612Z 0 [System] [MY-013602] [Server] Channel mysql_main configured to support TLS. Encrypted connections are now supported for this channel.
2022-09-04T23:01:32.906615Z 0 [System] [MY-011323] [Server] X Plugin ready for connections. Bind-address: '::' port: 33060
2022-09-04T23:01:32.906748Z 0 [System] [MY-010931] [Server] E:\VS projects\Traffic_Lights\MySQL Server 8.0\bin\mysqld: ready for connections. Version: '8.0.28'  socket: ''  port: 3306  MySQL Community Server - GPL.
2022-09-04T23:02:15.731545Z 0 [System] [MY-013105] [Server] E:\VS projects\Traffic_Lights\MySQL Server 8.0\bin\mysqld: Normal shutdown.
2022-09-04T23:02:16.387802Z 0 [System] [MY-010910] [Server] E:\VS projects\Traffic_Lights\MySQL Server 8.0\bin\mysqld: Shutdown complete (mysqld 8.0.28)  MySQL Community Server - GPL.
2022-09-04T23:05:52.843901Z 0 [Warning] [MY-010915] [Server] 'NO_ZERO_DATE', 'NO_ZERO_IN_DATE' and 'ERROR_FOR_DIVISION_BY_ZERO' sql modes should be used with strict mode. They will be merged with strict mode in a future release.
2022-09-04T23:05:52.844774Z 0 [System] [MY-010116] [Server] E:\VS projects\Traffic_Lights\MySQL Server 8.0\bin\mysqld (mysqld 8.0.28) starting as process 10816
2022-09-04T23:05:52.854876Z 1 [System] [MY-013576] [InnoDB] InnoDB initialization has started.
2022-09-04T23:05:53.033982Z 1 [System] [MY-013577] [InnoDB] InnoDB initialization has ended.
2022-09-04T23:05:53.211046Z 0 [Warning] [MY-010068] [Server] CA certificate ca.pem is self signed.
2022-09-04T23:05:53.211334Z 0 [System] [MY-013602] [Server] Channel mysql_main configured to support TLS. Encrypted connections are now supported for this channel.
2022-09-04T23:05:53.241289Z 0 [System] [MY-011323] [Server] X Plugin ready for connections. Bind-address: '::' port: 33060
2022-09-04T23:05:53.241435Z 0 [System] [MY-010931] [Server] E:\VS projects\Traffic_Lights\MySQL Server 8.0\bin\mysqld: ready for connections. Version: '8.0.28'  socket: ''  port: 3306  MySQL Community Server - GPL.
2022-09-04T23:06:57.969923Z 0 [System] [MY-013105] [Server] E:\VS projects\Traffic_Lights\MySQL Server 8.0\bin\mysqld: Normal shutdown.
2022-09-04T23:06:59.983010Z 0 [Warning] [MY-010909] [Server] E:\VS projects\Traffic_Lights\MySQL Server 8.0\bin\mysqld: Forcing close of thread 8  user: 'root'.
2022-09-04T23:06:59.983788Z 0 [Warning] [MY-010909] [Server] E:\VS projects\Traffic_Lights\MySQL Server 8.0\bin\mysqld: Forcing close of thread 9  user: 'root'.
2022-09-04T23:07:01.029264Z 0 [System] [MY-010910] [Server] E:\VS projects\Traffic_Lights\MySQL Server 8.0\bin\mysqld: Shutdown complete (mysqld 8.0.28)  MySQL Community Server - GPL.
2022-09-04T23:12:38.640113Z 0 [Warning] [MY-010915] [Server] 'NO_ZERO_DATE', 'NO_ZERO_IN_DATE' and 'ERROR_FOR_DIVISION_BY_ZERO' sql modes should be used with strict mode. They will be merged with strict mode in a future release.
2022-09-04T23:12:38.641068Z 0 [System] [MY-010116] [Server] E:\VS projects\Traffic_Lights\MySQL Server 8.0\bin\mysqld (mysqld 8.0.28) starting as process 40200
2022-09-04T23:12:38.651415Z 1 [System] [MY-013576] [InnoDB] InnoDB initialization has started.
2022-09-04T23:12:38.834859Z 1 [System] [MY-013577] [InnoDB] InnoDB initialization has ended.
2022-09-04T23:12:39.012971Z 0 [Warning] [MY-010068] [Server] CA certificate ca.pem is self signed.
2022-09-04T23:12:39.013259Z 0 [System] [MY-013602] [Server] Channel mysql_main configured to support TLS. Encrypted connections are now supported for this channel.
2022-09-04T23:12:39.043208Z 0 [System] [MY-011323] [Server] X Plugin ready for connections. Bind-address: '::' port: 33060
2022-09-04T23:12:39.043355Z 0 [System] [MY-010931] [Server] E:\VS projects\Traffic_Lights\MySQL Server 8.0\bin\mysqld: ready for connections. Version: '8.0.28'  socket: ''  port: 3306  MySQL Community Server - GPL.
2022-09-04T23:13:04.598598Z 0 [System] [MY-013105] [Server] E:\VS projects\Traffic_Lights\MySQL Server 8.0\bin\mysqld: Normal shutdown.
2022-09-04T23:13:05.349418Z 0 [System] [MY-010910] [Server] E:\VS projects\Traffic_Lights\MySQL Server 8.0\bin\mysqld: Shutdown complete (mysqld 8.0.28)  MySQL Community Server - GPL.
2022-09-04T23:13:19.795934Z 0 [Warning] [MY-010915] [Server] 'NO_ZERO_DATE', 'NO_ZERO_IN_DATE' and 'ERROR_FOR_DIVISION_BY_ZERO' sql modes should be used with strict mode. They will be merged with strict mode in a future release.
2022-09-04T23:13:19.796884Z 0 [System] [MY-010116] [Server] E:\VS projects\Traffic_Lights\MySQL Server 8.0\bin\mysqld (mysqld 8.0.28) starting as process 43204
2022-09-04T23:13:19.816655Z 1 [System] [MY-013576] [InnoDB] InnoDB initialization has started.
2022-09-04T23:13:20.003922Z 1 [System] [MY-013577] [InnoDB] InnoDB initialization has ended.
2022-09-04T23:13:20.168348Z 0 [Warning] [MY-010068] [Server] CA certificate ca.pem is self signed.
2022-09-04T23:13:20.168635Z 0 [System] [MY-013602] [Server] Channel mysql_main configured to support TLS. Encrypted connections are now supported for this channel.
2022-09-04T23:13:20.198204Z 0 [System] [MY-011323] [Server] X Plugin ready for connections. Bind-address: '::' port: 33060
2022-09-04T23:13:20.198325Z 0 [System] [MY-010931] [Server] E:\VS projects\Traffic_Lights\MySQL Server 8.0\bin\mysqld: ready for connections. Version: '8.0.28'  socket: ''  port: 3306  MySQL Community Server - GPL.
2022-09-04T23:20:58.898582Z 0 [System] [MY-013105] [Server] E:\VS projects\Traffic_Lights\MySQL Server 8.0\bin\mysqld: Normal shutdown.
2022-09-04T23:21:00.909453Z 0 [Warning] [MY-010909] [Server] E:\VS projects\Traffic_Lights\MySQL Server 8.0\bin\mysqld: Forcing close of thread 8  user: 'root'.
2022-09-04T23:21:00.910016Z 0 [Warning] [MY-010909] [Server] E:\VS projects\Traffic_Lights\MySQL Server 8.0\bin\mysqld: Forcing close of thread 9  user: 'root'.
2022-09-04T23:21:01.861375Z 0 [System] [MY-010910] [Server] E:\VS projects\Traffic_Lights\MySQL Server 8.0\bin\mysqld: Shutdown complete (mysqld 8.0.28)  MySQL Community Server - GPL.
2022-09-04T23:21:15.054051Z 0 [Warning] [MY-010915] [Server] 'NO_ZERO_DATE', 'NO_ZERO_IN_DATE' and 'ERROR_FOR_DIVISION_BY_ZERO' sql modes should be used with strict mode. They will be merged with strict mode in a future release.
2022-09-04T23:21:15.054900Z 0 [System] [MY-010116] [Server] E:\VS projects\Traffic_Lights\MySQL Server 8.0\bin\mysqld (mysqld 8.0.28) starting as process 456
2022-09-04T23:21:15.065836Z 1 [System] [MY-013576] [InnoDB] InnoDB initialization has started.
2022-09-04T23:21:15.281153Z 1 [System] [MY-013577] [InnoDB] InnoDB initialization has ended.
2022-09-04T23:21:15.461193Z 0 [Warning] [MY-010068] [Server] CA certificate ca.pem is self signed.
2022-09-04T23:21:15.461501Z 0 [System] [MY-013602] [Server] Channel mysql_main configured to support TLS. Encrypted connections are now supported for this channel.
2022-09-04T23:21:15.489900Z 0 [System] [MY-011323] [Server] X Plugin ready for connections. Bind-address: '::' port: 33060
2022-09-04T23:21:15.490046Z 0 [System] [MY-010931] [Server] E:\VS projects\Traffic_Lights\MySQL Server 8.0\bin\mysqld: ready for connections. Version: '8.0.28'  socket: ''  port: 3306  MySQL Community Server - GPL.
2022-09-04T23:24:58.011577Z 0 [System] [MY-013105] [Server] E:\VS projects\Traffic_Lights\MySQL Server 8.0\bin\mysqld: Normal shutdown.
2022-09-04T23:24:58.646202Z 0 [System] [MY-010910] [Server] E:\VS projects\Traffic_Lights\MySQL Server 8.0\bin\mysqld: Shutdown complete (mysqld 8.0.28)  MySQL Community Server - GPL.
2022-09-04T23:31:22.718890Z 0 [Warning] [MY-010915] [Server] 'NO_ZERO_DATE', 'NO_ZERO_IN_DATE' and 'ERROR_FOR_DIVISION_BY_ZERO' sql modes should be used with strict mode. They will be merged with strict mode in a future release.
2022-09-04T23:31:22.719743Z 0 [System] [MY-010116] [Server] E:\VS projects\Traffic_Lights\MySQL Server 8.0\bin\mysqld (mysqld 8.0.28) starting as process 45824
2022-09-04T23:31:22.729519Z 1 [System] [MY-013576] [InnoDB] InnoDB initialization has started.
2022-09-04T23:31:22.909148Z 1 [System] [MY-013577] [InnoDB] InnoDB initialization has ended.
2022-09-04T23:31:23.075544Z 0 [Warning] [MY-010068] [Server] CA certificate ca.pem is self signed.
2022-09-04T23:31:23.075827Z 0 [System] [MY-013602] [Server] Channel mysql_main configured to support TLS. Encrypted connections are now supported for this channel.
2022-09-04T23:31:23.104706Z 0 [System] [MY-011323] [Server] X Plugin ready for connections. Bind-address: '::' port: 33060
2022-09-04T23:31:23.104949Z 0 [System] [MY-010931] [Server] E:\VS projects\Traffic_Lights\MySQL Server 8.0\bin\mysqld: ready for connections. Version: '8.0.28'  socket: ''  port: 3306  MySQL Community Server - GPL.
2022-09-04T23:36:55.175298Z 0 [System] [MY-013105] [Server] E:\VS projects\Traffic_Lights\MySQL Server 8.0\bin\mysqld: Normal shutdown.
2022-09-04T23:36:56.249422Z 0 [System] [MY-010910] [Server] E:\VS projects\Traffic_Lights\MySQL Server 8.0\bin\mysqld: Shutdown complete (mysqld 8.0.28)  MySQL Community Server - GPL.
2022-09-04T23:45:36.453888Z 0 [Warning] [MY-010915] [Server] 'NO_ZERO_DATE', 'NO_ZERO_IN_DATE' and 'ERROR_FOR_DIVISION_BY_ZERO' sql modes should be used with strict mode. They will be merged with strict mode in a future release.
2022-09-04T23:45:36.455135Z 0 [System] [MY-010116] [Server] E:\VS projects\Traffic_Lights\MySQL Server 8.0\bin\mysqld (mysqld 8.0.28) starting as process 38916
2022-09-04T23:45:36.487940Z 1 [System] [MY-013576] [InnoDB] InnoDB initialization has started.
2022-09-04T23:45:36.715593Z 1 [System] [MY-013577] [InnoDB] InnoDB initialization has ended.
2022-09-04T23:45:36.910018Z 0 [Warning] [MY-010068] [Server] CA certificate ca.pem is self signed.
2022-09-04T23:45:36.910354Z 0 [System] [MY-013602] [Server] Channel mysql_main configured to support TLS. Encrypted connections are now supported for this channel.
2022-09-04T23:45:36.939048Z 0 [System] [MY-011323] [Server] X Plugin ready for connections. Bind-address: '::' port: 33060
2022-09-04T23:45:36.939199Z 0 [System] [MY-010931] [Server] E:\VS projects\Traffic_Lights\MySQL Server 8.0\bin\mysqld: ready for connections. Version: '8.0.28'  socket: ''  port: 3306  MySQL Community Server - GPL.
2022-09-04T23:46:31.180092Z 0 [System] [MY-013105] [Server] E:\VS projects\Traffic_Lights\MySQL Server 8.0\bin\mysqld: Normal shutdown.
2022-09-04T23:46:31.524764Z 0 [System] [MY-010910] [Server] E:\VS projects\Traffic_Lights\MySQL Server 8.0\bin\mysqld: Shutdown complete (mysqld 8.0.28)  MySQL Community Server - GPL.
2022-09-04T23:47:43.720975Z 0 [Warning] [MY-010915] [Server] 'NO_ZERO_DATE', 'NO_ZERO_IN_DATE' and 'ERROR_FOR_DIVISION_BY_ZERO' sql modes should be used with strict mode. They will be merged with strict mode in a future release.
2022-09-04T23:47:43.721848Z 0 [System] [MY-010116] [Server] E:\VS projects\Traffic_Lights\MySQL Server 8.0\bin\mysqld (mysqld 8.0.28) starting as process 4212
2022-09-04T23:47:43.732254Z 1 [System] [MY-013576] [InnoDB] InnoDB initialization has started.
2022-09-04T23:47:43.953374Z 1 [System] [MY-013577] [InnoDB] InnoDB initialization has ended.
2022-09-04T23:47:44.139295Z 0 [Warning] [MY-010068] [Server] CA certificate ca.pem is self signed.
2022-09-04T23:47:44.139583Z 0 [System] [MY-013602] [Server] Channel mysql_main configured to support TLS. Encrypted connections are now supported for this channel.
2022-09-04T23:47:44.167679Z 0 [System] [MY-011323] [Server] X Plugin ready for connections. Bind-address: '::' port: 33060
2022-09-04T23:47:44.167841Z 0 [System] [MY-010931] [Server] E:\VS projects\Traffic_Lights\MySQL Server 8.0\bin\mysqld: ready for connections. Version: '8.0.28'  socket: ''  port: 3306  MySQL Community Server - GPL.
2022-09-04T23:48:41.299756Z 0 [System] [MY-013105] [Server] E:\VS projects\Traffic_Lights\MySQL Server 8.0\bin\mysqld: Normal shutdown.
2022-09-04T23:48:41.740488Z 0 [System] [MY-010910] [Server] E:\VS projects\Traffic_Lights\MySQL Server 8.0\bin\mysqld: Shutdown complete (mysqld 8.0.28)  MySQL Community Server - GPL.
2022-09-04T23:48:45.298281Z 0 [Warning] [MY-010915] [Server] 'NO_ZERO_DATE', 'NO_ZERO_IN_DATE' and 'ERROR_FOR_DIVISION_BY_ZERO' sql modes should be used with strict mode. They will be merged with strict mode in a future release.
2022-09-04T23:48:45.299406Z 0 [System] [MY-010116] [Server] E:\VS projects\Traffic_Lights\MySQL Server 8.0\bin\mysqld (mysqld 8.0.28) starting as process 12504
2022-09-04T23:48:45.309715Z 1 [System] [MY-013576] [InnoDB] InnoDB initialization has started.
2022-09-04T23:48:45.505102Z 1 [System] [MY-013577] [InnoDB] InnoDB initialization has ended.
2022-09-04T23:48:45.683149Z 0 [Warning] [MY-010068] [Server] CA certificate ca.pem is self signed.
2022-09-04T23:48:45.683432Z 0 [System] [MY-013602] [Server] Channel mysql_main configured to support TLS. Encrypted connections are now supported for this channel.
2022-09-04T23:48:45.712043Z 0 [System] [MY-011323] [Server] X Plugin ready for connections. Bind-address: '::' port: 33060
2022-09-04T23:48:45.712222Z 0 [System] [MY-010931] [Server] E:\VS projects\Traffic_Lights\MySQL Server 8.0\bin\mysqld: ready for connections. Version: '8.0.28'  socket: ''  port: 3306  MySQL Community Server - GPL.
2022-09-04T23:49:49.973582Z 0 [System] [MY-013105] [Server] E:\VS projects\Traffic_Lights\MySQL Server 8.0\bin\mysqld: Normal shutdown.
2022-09-04T23:49:50.350266Z 0 [System] [MY-010910] [Server] E:\VS projects\Traffic_Lights\MySQL Server 8.0\bin\mysqld: Shutdown complete (mysqld 8.0.28)  MySQL Community Server - GPL.
2022-09-05T00:09:05.191502Z 0 [Warning] [MY-010915] [Server] 'NO_ZERO_DATE', 'NO_ZERO_IN_DATE' and 'ERROR_FOR_DIVISION_BY_ZERO' sql modes should be used with strict mode. They will be merged with strict mode in a future release.
2022-09-05T00:09:05.192379Z 0 [System] [MY-010116] [Server] E:\Traffic\Traffic_Lights\MySQL Server 8.0\bin\mysqld (mysqld 8.0.28) starting as process 17276
2022-09-05T00:09:05.230771Z 1 [System] [MY-013576] [InnoDB] InnoDB initialization has started.
2022-09-05T00:09:05.446712Z 1 [System] [MY-013577] [InnoDB] InnoDB initialization has ended.
2022-09-05T00:09:05.632410Z 0 [Warning] [MY-010068] [Server] CA certificate ca.pem is self signed.
2022-09-05T00:09:05.632708Z 0 [System] [MY-013602] [Server] Channel mysql_main configured to support TLS. Encrypted connections are now supported for this channel.
2022-09-05T00:09:05.668140Z 0 [System] [MY-011323] [Server] X Plugin ready for connections. Bind-address: '::' port: 33060
2022-09-05T00:09:05.668288Z 0 [System] [MY-010931] [Server] E:\Traffic\Traffic_Lights\MySQL Server 8.0\bin\mysqld: ready for connections. Version: '8.0.28'  socket: ''  port: 3306  MySQL Community Server - GPL.
2022-09-05T00:12:22.977889Z 0 [System] [MY-013105] [Server] E:\Traffic\Traffic_Lights\MySQL Server 8.0\bin\mysqld: Normal shutdown.
2022-09-05T00:12:25.829474Z 0 [System] [MY-010910] [Server] E:\Traffic\Traffic_Lights\MySQL Server 8.0\bin\mysqld: Shutdown complete (mysqld 8.0.28)  MySQL Community Server - GPL.
2022-09-11T21:06:13.387650Z 0 [Warning] [MY-010915] [Server] 'NO_ZERO_DATE', 'NO_ZERO_IN_DATE' and 'ERROR_FOR_DIVISION_BY_ZERO' sql modes should be used with strict mode. They will be merged with strict mode in a future release.
2022-09-11T21:06:13.390709Z 0 [System] [MY-010116] [Server] C:\GitHub\Traffic_Lights\MySQL Server 8.0\bin\mysqld (mysqld 8.0.28) starting as process 19432
2022-09-11T21:06:13.484563Z 1 [System] [MY-013576] [InnoDB] InnoDB initialization has started.
2022-09-11T21:06:13.994751Z 1 [System] [MY-013577] [InnoDB] InnoDB initialization has ended.
2022-09-11T21:06:14.277648Z 0 [Warning] [MY-010068] [Server] CA certificate ca.pem is self signed.
2022-09-11T21:06:14.278127Z 0 [System] [MY-013602] [Server] Channel mysql_main configured to support TLS. Encrypted connections are now supported for this channel.
2022-09-11T21:06:14.316628Z 0 [System] [MY-011323] [Server] X Plugin ready for connections. Bind-address: '::' port: 33060
2022-09-11T21:06:14.316851Z 0 [System] [MY-010931] [Server] C:\GitHub\Traffic_Lights\MySQL Server 8.0\bin\mysqld: ready for connections. Version: '8.0.28'  socket: ''  port: 3306  MySQL Community Server - GPL.
2022-09-11T21:06:37.431115Z 0 [System] [MY-013105] [Server] C:\GitHub\Traffic_Lights\MySQL Server 8.0\bin\mysqld: Normal shutdown.
2022-09-11T21:06:39.445793Z 0 [Warning] [MY-010909] [Server] C:\GitHub\Traffic_Lights\MySQL Server 8.0\bin\mysqld: Forcing close of thread 8  user: 'root'.
2022-09-11T21:06:39.446432Z 0 [Warning] [MY-010909] [Server] C:\GitHub\Traffic_Lights\MySQL Server 8.0\bin\mysqld: Forcing close of thread 18  user: 'root'.
2022-09-11T21:06:40.585228Z 0 [System] [MY-010910] [Server] C:\GitHub\Traffic_Lights\MySQL Server 8.0\bin\mysqld: Shutdown complete (mysqld 8.0.28)  MySQL Community Server - GPL.
2022-09-11T21:06:42.731644Z 0 [Warning] [MY-010915] [Server] 'NO_ZERO_DATE', 'NO_ZERO_IN_DATE' and 'ERROR_FOR_DIVISION_BY_ZERO' sql modes should be used with strict mode. They will be merged with strict mode in a future release.
2022-09-11T21:06:42.733052Z 0 [System] [MY-010116] [Server] C:\GitHub\Traffic_Lights\MySQL Server 8.0\bin\mysqld (mysqld 8.0.28) starting as process 12160
2022-09-11T21:06:42.747398Z 1 [System] [MY-013576] [InnoDB] InnoDB initialization has started.
2022-09-11T21:06:42.980500Z 1 [System] [MY-013577] [InnoDB] InnoDB initialization has ended.
2022-09-11T21:06:43.192222Z 0 [Warning] [MY-010068] [Server] CA certificate ca.pem is self signed.
2022-09-11T21:06:43.192617Z 0 [System] [MY-013602] [Server] Channel mysql_main configured to support TLS. Encrypted connections are now supported for this channel.
2022-09-11T21:06:43.224491Z 0 [System] [MY-011323] [Server] X Plugin ready for connections. Bind-address: '::' port: 33060
2022-09-11T21:06:43.224704Z 0 [System] [MY-010931] [Server] C:\GitHub\Traffic_Lights\MySQL Server 8.0\bin\mysqld: ready for connections. Version: '8.0.28'  socket: ''  port: 3306  MySQL Community Server - GPL.
2022-09-11T21:08:45.947632Z 0 [System] [MY-013105] [Server] C:\GitHub\Traffic_Lights\MySQL Server 8.0\bin\mysqld: Normal shutdown.
2022-09-11T21:08:46.402131Z 0 [System] [MY-010910] [Server] C:\GitHub\Traffic_Lights\MySQL Server 8.0\bin\mysqld: Shutdown complete (mysqld 8.0.28)  MySQL Community Server - GPL.
2022-09-11T21:08:48.727439Z 0 [Warning] [MY-010915] [Server] 'NO_ZERO_DATE', 'NO_ZERO_IN_DATE' and 'ERROR_FOR_DIVISION_BY_ZERO' sql modes should be used with strict mode. They will be merged with strict mode in a future release.
2022-09-11T21:08:48.728679Z 0 [System] [MY-010116] [Server] C:\GitHub\Traffic_Lights\MySQL Server 8.0\bin\mysqld (mysqld 8.0.28) starting as process 21340
2022-09-11T21:08:48.741557Z 1 [System] [MY-013576] [InnoDB] InnoDB initialization has started.
2022-09-11T21:08:48.900363Z 1 [System] [MY-013577] [InnoDB] InnoDB initialization has ended.
2022-09-11T21:08:49.083875Z 0 [Warning] [MY-010068] [Server] CA certificate ca.pem is self signed.
2022-09-11T21:08:49.084265Z 0 [System] [MY-013602] [Server] Channel mysql_main configured to support TLS. Encrypted connections are now supported for this channel.
2022-09-11T21:08:49.116368Z 0 [System] [MY-011323] [Server] X Plugin ready for connections. Bind-address: '::' port: 33060
2022-09-11T21:08:49.116600Z 0 [System] [MY-010931] [Server] C:\GitHub\Traffic_Lights\MySQL Server 8.0\bin\mysqld: ready for connections. Version: '8.0.28'  socket: ''  port: 3306  MySQL Community Server - GPL.
2022-09-11T21:10:49.275505Z 0 [System] [MY-013105] [Server] C:\GitHub\Traffic_Lights\MySQL Server 8.0\bin\mysqld: Normal shutdown.
2022-09-11T21:10:50.307583Z 0 [System] [MY-010910] [Server] C:\GitHub\Traffic_Lights\MySQL Server 8.0\bin\mysqld: Shutdown complete (mysqld 8.0.28)  MySQL Community Server - GPL.
2022-09-11T21:10:52.031845Z 0 [Warning] [MY-010915] [Server] 'NO_ZERO_DATE', 'NO_ZERO_IN_DATE' and 'ERROR_FOR_DIVISION_BY_ZERO' sql modes should be used with strict mode. They will be merged with strict mode in a future release.
2022-09-11T21:10:52.033128Z 0 [System] [MY-010116] [Server] C:\GitHub\Traffic_Lights\MySQL Server 8.0\bin\mysqld (mysqld 8.0.28) starting as process 20772
2022-09-11T21:10:52.047245Z 1 [System] [MY-013576] [InnoDB] InnoDB initialization has started.
2022-09-11T21:10:52.226880Z 1 [System] [MY-013577] [InnoDB] InnoDB initialization has ended.
2022-09-11T21:10:52.418146Z 0 [Warning] [MY-010068] [Server] CA certificate ca.pem is self signed.
2022-09-11T21:10:52.418539Z 0 [System] [MY-013602] [Server] Channel mysql_main configured to support TLS. Encrypted connections are now supported for this channel.
2022-09-11T21:10:52.448727Z 0 [System] [MY-011323] [Server] X Plugin ready for connections. Bind-address: '::' port: 33060
2022-09-11T21:10:52.448950Z 0 [System] [MY-010931] [Server] C:\GitHub\Traffic_Lights\MySQL Server 8.0\bin\mysqld: ready for connections. Version: '8.0.28'  socket: ''  port: 3306  MySQL Community Server - GPL.
2022-09-11T21:13:08.497092Z 0 [System] [MY-013105] [Server] C:\GitHub\Traffic_Lights\MySQL Server 8.0\bin\mysqld: Normal shutdown.
2022-09-11T21:13:08.834521Z 0 [System] [MY-010910] [Server] C:\GitHub\Traffic_Lights\MySQL Server 8.0\bin\mysqld: Shutdown complete (mysqld 8.0.28)  MySQL Community Server - GPL.
2022-09-11T21:13:11.269542Z 0 [Warning] [MY-010915] [Server] 'NO_ZERO_DATE', 'NO_ZERO_IN_DATE' and 'ERROR_FOR_DIVISION_BY_ZERO' sql modes should be used with strict mode. They will be merged with strict mode in a future release.
2022-09-11T21:13:11.270659Z 0 [System] [MY-010116] [Server] C:\GitHub\Traffic_Lights\MySQL Server 8.0\bin\mysqld (mysqld 8.0.28) starting as process 18200
2022-09-11T21:13:11.281624Z 1 [System] [MY-013576] [InnoDB] InnoDB initialization has started.
2022-09-11T21:13:11.453658Z 1 [System] [MY-013577] [InnoDB] InnoDB initialization has ended.
2022-09-11T21:13:11.637113Z 0 [Warning] [MY-010068] [Server] CA certificate ca.pem is self signed.
2022-09-11T21:13:11.637520Z 0 [System] [MY-013602] [Server] Channel mysql_main configured to support TLS. Encrypted connections are now supported for this channel.
2022-09-11T21:13:11.671018Z 0 [System] [MY-011323] [Server] X Plugin ready for connections. Bind-address: '::' port: 33060
2022-09-11T21:13:11.671226Z 0 [System] [MY-010931] [Server] C:\GitHub\Traffic_Lights\MySQL Server 8.0\bin\mysqld: ready for connections. Version: '8.0.28'  socket: ''  port: 3306  MySQL Community Server - GPL.
2022-09-11T21:14:48.055667Z 0 [System] [MY-013105] [Server] C:\GitHub\Traffic_Lights\MySQL Server 8.0\bin\mysqld: Normal shutdown.
2022-09-11T21:14:48.581091Z 0 [System] [MY-010910] [Server] C:\GitHub\Traffic_Lights\MySQL Server 8.0\bin\mysqld: Shutdown complete (mysqld 8.0.28)  MySQL Community Server - GPL.
2022-09-11T21:14:50.834612Z 0 [Warning] [MY-010915] [Server] 'NO_ZERO_DATE', 'NO_ZERO_IN_DATE' and 'ERROR_FOR_DIVISION_BY_ZERO' sql modes should be used with strict mode. They will be merged with strict mode in a future release.
2022-09-11T21:14:50.835879Z 0 [System] [MY-010116] [Server] C:\GitHub\Traffic_Lights\MySQL Server 8.0\bin\mysqld (mysqld 8.0.28) starting as process 14712
2022-09-11T21:14:50.848950Z 1 [System] [MY-013576] [InnoDB] InnoDB initialization has started.
2022-09-11T21:14:51.024765Z 1 [System] [MY-013577] [InnoDB] InnoDB initialization has ended.
2022-09-11T21:14:51.205713Z 0 [Warning] [MY-010068] [Server] CA certificate ca.pem is self signed.
2022-09-11T21:14:51.206091Z 0 [System] [MY-013602] [Server] Channel mysql_main configured to support TLS. Encrypted connections are now supported for this channel.
2022-09-11T21:14:51.237732Z 0 [System] [MY-011323] [Server] X Plugin ready for connections. Bind-address: '::' port: 33060
2022-09-11T21:14:51.238009Z 0 [System] [MY-010931] [Server] C:\GitHub\Traffic_Lights\MySQL Server 8.0\bin\mysqld: ready for connections. Version: '8.0.28'  socket: ''  port: 3306  MySQL Community Server - GPL.
